FILE_TYPE=LIBRARY_PARTS;
PRIMITIVE 'LS_L29K_G1H2_1','LS_L29K_G1H2_1_LEDs Chip';
  PIN
    'K':
      PIN_NUMBER='(1)';
      NO_LOAD_CHECK=BOTH;
      NO_IO_CHECK=BOTH;
      ALLOW_CONNECT=TRUE;
      PINUSE='UNSPEC';
    'A':
      PIN_NUMBER='(2)';
      NO_LOAD_CHECK=BOTH;
      NO_IO_CHECK=BOTH;
      ALLOW_CONNECT=TRUE;
      PINUSE='UNSPEC';
  END_PIN;
  BODY
    PART_NAME='LS_L29K_G1H2_1';
    PHYS_DES_PREFIX='LED';
    NO_LOAD_CHECK='TRUE';
    PIN_COUNT='2';
    BODY_NAME='LS_L29K_G1H2_1';
    JEDEC_TYPE='LEDC1308X67N';
  END_BODY;
END_PRIMITIVE;
END.
