FILE_TYPE=LIBRARY_PARTS;
PRIMITIVE 'LG_L29K_F2J1_24','LG_L29K_F2J1_24_LEDs Chip';
  PIN
    'K':
      PIN_NUMBER='(1)';
      NO_LOAD_CHECK=BOTH;
      NO_IO_CHECK=BOTH;
      ALLOW_CONNECT=TRUE;
      PINUSE='UNSPEC';
    'A':
      PIN_NUMBER='(2)';
      NO_LOAD_CHECK=BOTH;
      NO_IO_CHECK=BOTH;
      ALLOW_CONNECT=TRUE;
      PINUSE='UNSPEC';
  END_PIN;
  BODY
    PART_NAME='LG_L29K_F2J1_24';
    PHYS_DES_PREFIX='LED';
    NO_LOAD_CHECK='TRUE';
    PIN_COUNT='2';
    BODY_NAME='LG_L29K_F2J1_24';
    JEDEC_TYPE='LEDC1308X67N';
  END_BODY;
END_PRIMITIVE;
END.
