FILE_TYPE=LIBRARY_PARTS;
PRIMITIVE 'LY_L29K_H1K2_26','LY_L29K_H1K2_26_Other';
  PIN
    'K':
      PIN_NUMBER='(1)';
      NO_LOAD_CHECK=BOTH;
      NO_IO_CHECK=BOTH;
      ALLOW_CONNECT=TRUE;
      PINUSE='UNSPEC';
    'A':
      PIN_NUMBER='(2)';
      NO_LOAD_CHECK=BOTH;
      NO_IO_CHECK=BOTH;
      ALLOW_CONNECT=TRUE;
      PINUSE='UNSPEC';
  END_PIN;
  BODY
    PART_NAME='LY_L29K_H1K2_26';
    PHYS_DES_PREFIX='LED';
    NO_LOAD_CHECK='TRUE';
    PIN_COUNT='2';
    BODY_NAME='LY_L29K_H1K2_26';
    JEDEC_TYPE='LYL29KH1K226';
  END_BODY;
END_PRIMITIVE;
END.
