Added Component: Designator=BT1(BATHLD001)
Add component (AddParameter): Name = "Arrow Part Number"; Value = "BAT-HLD-001"; VariantName = "[No Variations]"
Add component (AddParameter): Name = "MPN"; Value = "BAT-HLD-001"; VariantName = "[No Variations]"
Add component (AddParameter): Name = "PCBA"; Value = "Assembly"; VariantName = "[No Variations]"
Add component (AddParameter): Name = "Supplier"; Value = "Mouser"; VariantName = "[No Variations]"
Add component (AddParameter): Name = "Value"; Value = "BAT-HLD-001"; VariantName = "[No Variations]"
Added Component: Designator=C1(C0603)
Add component (AddParameter): Name = "Arrow Part Number"; Value = "C0603C104K4RACTU"; VariantName = "[No Variations]"
Add component (AddParameter): Name = "Arrow Price/Stock"; Value = "https://www.arrow.com/en/products/c0603c104k4ractu/kemet-corporation?utm_currency=USD&region=nac"; VariantName = "[No Variations]"
Add component (AddParameter): Name = "Datasheet Link"; Value = "https://content.kemet.com/datasheets/KEM_C1002_X7R_SMD.pdf"; VariantName = "[No Variations]"
Add component (AddParameter): Name = "Height"; Value = "0.87mm"; VariantName = "[No Variations]"
Add component (AddParameter): Name = "Manufacturer_Name"; Value = "KEMET"; VariantName = "[No Variations]"
Add component (AddParameter): Name = "Manufacturer_Part_Number"; Value = "C0603C104K4RACTU"; VariantName = "[No Variations]"
Add component (AddParameter): Name = "Mouser Part Number"; Value = "80-C0603C104K4R"; VariantName = "[No Variations]"
Add component (AddParameter): Name = "Mouser Price/Stock"; Value = "https://www.mouser.co.uk/ProductDetail/KEMET/C0603C104K4RACTU?qs=l5k%252BbMnNDknCtKnMv1oEgA%3D%3D"; VariantName = "[No Variations]"
Add component (AddParameter): Name = "MPN"; Value = "C0603C104K4RACTU"; VariantName = "[No Variations]"
Add component (AddParameter): Name = "PCBA"; Value = "Assembly"; VariantName = "[No Variations]"
Add component (AddParameter): Name = "Supplier"; Value = "Mouser"; VariantName = "[No Variations]"
Add component (AddParameter): Name = "Value"; Value = "0.1µ"; VariantName = "[No Variations]"
Added Component: Designator=C2(C0603)
Add component (AddParameter): Name = "Arrow Part Number"; Value = "C0603C103K4RECTU"; VariantName = "[No Variations]"
Add component (AddParameter): Name = "Arrow Price/Stock"; Value = "https://www.arrow.com/en/products/c0603c103k4rectu/kemet-corporation?region=nac"; VariantName = "[No Variations]"
Add component (AddParameter): Name = "Datasheet Link"; Value = "https://content.kemet.com/datasheets/KEM_C1090_X7R_ESD.pdf"; VariantName = "[No Variations]"
Add component (AddParameter): Name = "Height"; Value = "0.87mm"; VariantName = "[No Variations]"
Add component (AddParameter): Name = "Manufacturer_Name"; Value = "KEMET"; VariantName = "[No Variations]"
Add component (AddParameter): Name = "Manufacturer_Part_Number"; Value = "C0603C103K4RECTU"; VariantName = "[No Variations]"
Add component (AddParameter): Name = "Mouser Part Number"; Value = "80-C0603C103K4RECTU"; VariantName = "[No Variations]"
Add component (AddParameter): Name = "Mouser Price/Stock"; Value = "https://www.mouser.co.uk/ProductDetail/KEMET/C0603C103K4RECTU?qs=55YtniHzbhDzGaFFpCm8vg%3D%3D"; VariantName = "[No Variations]"
Add component (AddParameter): Name = "MPN"; Value = "C0603C103K4RECTU"; VariantName = "[No Variations]"
Add component (AddParameter): Name = "PCBA"; Value = "Assembly"; VariantName = "[No Variations]"
Add component (AddParameter): Name = "Supplier"; Value = "Mouser"; VariantName = "[No Variations]"
Add component (AddParameter): Name = "Value"; Value = "0.01µ"; VariantName = "[No Variations]"
Added Component: Designator=C3(C0603)
Add component (AddParameter): Name = "Arrow Part Number"; Value = "C0603C104K4RACTU"; VariantName = "[No Variations]"
Add component (AddParameter): Name = "Arrow Price/Stock"; Value = "https://www.arrow.com/en/products/c0603c104k4ractu/kemet-corporation?utm_currency=USD&region=nac"; VariantName = "[No Variations]"
Add component (AddParameter): Name = "Datasheet Link"; Value = "https://content.kemet.com/datasheets/KEM_C1002_X7R_SMD.pdf"; VariantName = "[No Variations]"
Add component (AddParameter): Name = "Height"; Value = "0.87mm"; VariantName = "[No Variations]"
Add component (AddParameter): Name = "Manufacturer_Name"; Value = "KEMET"; VariantName = "[No Variations]"
Add component (AddParameter): Name = "Manufacturer_Part_Number"; Value = "C0603C104K4RACTU"; VariantName = "[No Variations]"
Add component (AddParameter): Name = "Mouser Part Number"; Value = "80-C0603C104K4R"; VariantName = "[No Variations]"
Add component (AddParameter): Name = "Mouser Price/Stock"; Value = "https://www.mouser.co.uk/ProductDetail/KEMET/C0603C104K4RACTU?qs=l5k%252BbMnNDknCtKnMv1oEgA%3D%3D"; VariantName = "[No Variations]"
Add component (AddParameter): Name = "MPN"; Value = "C0603C104K4RACTU"; VariantName = "[No Variations]"
Add component (AddParameter): Name = "PCBA"; Value = "Assembly"; VariantName = "[No Variations]"
Add component (AddParameter): Name = "Supplier"; Value = "Mouser"; VariantName = "[No Variations]"
Add component (AddParameter): Name = "Value"; Value = "0.1µ"; VariantName = "[No Variations]"
Added Component: Designator=C4(C0603)
Add component (AddParameter): Name = "Arrow Part Number"; Value = "C0603C103K4RECTU"; VariantName = "[No Variations]"
Add component (AddParameter): Name = "Arrow Price/Stock"; Value = "https://www.arrow.com/en/products/c0603c103k4rectu/kemet-corporation?region=nac"; VariantName = "[No Variations]"
Add component (AddParameter): Name = "Datasheet Link"; Value = "https://content.kemet.com/datasheets/KEM_C1090_X7R_ESD.pdf"; VariantName = "[No Variations]"
Add component (AddParameter): Name = "Height"; Value = "0.87mm"; VariantName = "[No Variations]"
Add component (AddParameter): Name = "Manufacturer_Name"; Value = "KEMET"; VariantName = "[No Variations]"
Add component (AddParameter): Name = "Manufacturer_Part_Number"; Value = "C0603C103K4RECTU"; VariantName = "[No Variations]"
Add component (AddParameter): Name = "Mouser Part Number"; Value = "80-C0603C103K4RECTU"; VariantName = "[No Variations]"
Add component (AddParameter): Name = "Mouser Price/Stock"; Value = "https://www.mouser.co.uk/ProductDetail/KEMET/C0603C103K4RECTU?qs=55YtniHzbhDzGaFFpCm8vg%3D%3D"; VariantName = "[No Variations]"
Add component (AddParameter): Name = "MPN"; Value = "C0603C103K4RECTU"; VariantName = "[No Variations]"
Add component (AddParameter): Name = "PCBA"; Value = "Assembly"; VariantName = "[No Variations]"
Add component (AddParameter): Name = "Supplier"; Value = "Mouser"; VariantName = "[No Variations]"
Add component (AddParameter): Name = "Value"; Value = "0.01µ"; VariantName = "[No Variations]"
Added Component: Designator=C5(C0603)
Add component (AddParameter): Name = "Arrow Part Number"; Value = "C0603C104K4RACTU"; VariantName = "[No Variations]"
Add component (AddParameter): Name = "Arrow Price/Stock"; Value = "https://www.arrow.com/en/products/c0603c104k4ractu/kemet-corporation?utm_currency=USD&region=nac"; VariantName = "[No Variations]"
Add component (AddParameter): Name = "Datasheet Link"; Value = "https://content.kemet.com/datasheets/KEM_C1002_X7R_SMD.pdf"; VariantName = "[No Variations]"
Add component (AddParameter): Name = "Height"; Value = "0.87mm"; VariantName = "[No Variations]"
Add component (AddParameter): Name = "Manufacturer_Name"; Value = "KEMET"; VariantName = "[No Variations]"
Add component (AddParameter): Name = "Manufacturer_Part_Number"; Value = "C0603C104K4RACTU"; VariantName = "[No Variations]"
Add component (AddParameter): Name = "Mouser Part Number"; Value = "80-C0603C104K4R"; VariantName = "[No Variations]"
Add component (AddParameter): Name = "Mouser Price/Stock"; Value = "https://www.mouser.co.uk/ProductDetail/KEMET/C0603C104K4RACTU?qs=l5k%252BbMnNDknCtKnMv1oEgA%3D%3D"; VariantName = "[No Variations]"
Add component (AddParameter): Name = "MPN"; Value = "C0603C104K4RACTU"; VariantName = "[No Variations]"
Add component (AddParameter): Name = "PCBA"; Value = "Assembly"; VariantName = "[No Variations]"
Add component (AddParameter): Name = "Supplier"; Value = "Mouser"; VariantName = "[No Variations]"
Add component (AddParameter): Name = "Value"; Value = "0.1µ"; VariantName = "[No Variations]"
Added Component: Designator=C6(C0603)
Add component (AddParameter): Name = "Arrow Part Number"; Value = "C0603C103K4RECTU"; VariantName = "[No Variations]"
Add component (AddParameter): Name = "Arrow Price/Stock"; Value = "https://www.arrow.com/en/products/c0603c103k4rectu/kemet-corporation?region=nac"; VariantName = "[No Variations]"
Add component (AddParameter): Name = "Datasheet Link"; Value = "https://content.kemet.com/datasheets/KEM_C1090_X7R_ESD.pdf"; VariantName = "[No Variations]"
Add component (AddParameter): Name = "Height"; Value = "0.87mm"; VariantName = "[No Variations]"
Add component (AddParameter): Name = "Manufacturer_Name"; Value = "KEMET"; VariantName = "[No Variations]"
Add component (AddParameter): Name = "Manufacturer_Part_Number"; Value = "C0603C103K4RECTU"; VariantName = "[No Variations]"
Add component (AddParameter): Name = "Mouser Part Number"; Value = "80-C0603C103K4RECTU"; VariantName = "[No Variations]"
Add component (AddParameter): Name = "Mouser Price/Stock"; Value = "https://www.mouser.co.uk/ProductDetail/KEMET/C0603C103K4RECTU?qs=55YtniHzbhDzGaFFpCm8vg%3D%3D"; VariantName = "[No Variations]"
Add component (AddParameter): Name = "MPN"; Value = "C0603C103K4RECTU"; VariantName = "[No Variations]"
Add component (AddParameter): Name = "PCBA"; Value = "Assembly"; VariantName = "[No Variations]"
Add component (AddParameter): Name = "Supplier"; Value = "Mouser"; VariantName = "[No Variations]"
Add component (AddParameter): Name = "Value"; Value = "0.01µ"; VariantName = "[No Variations]"
Added Component: Designator=C7(C0603)
Add component (AddParameter): Name = "Arrow Part Number"; Value = "C0603C104K4RACTU"; VariantName = "[No Variations]"
Add component (AddParameter): Name = "Arrow Price/Stock"; Value = "https://www.arrow.com/en/products/c0603c104k4ractu/kemet-corporation?utm_currency=USD&region=nac"; VariantName = "[No Variations]"
Add component (AddParameter): Name = "Datasheet Link"; Value = "https://content.kemet.com/datasheets/KEM_C1002_X7R_SMD.pdf"; VariantName = "[No Variations]"
Add component (AddParameter): Name = "Height"; Value = "0.87mm"; VariantName = "[No Variations]"
Add component (AddParameter): Name = "Manufacturer_Name"; Value = "KEMET"; VariantName = "[No Variations]"
Add component (AddParameter): Name = "Manufacturer_Part_Number"; Value = "C0603C104K4RACTU"; VariantName = "[No Variations]"
Add component (AddParameter): Name = "Mouser Part Number"; Value = "80-C0603C104K4R"; VariantName = "[No Variations]"
Add component (AddParameter): Name = "Mouser Price/Stock"; Value = "https://www.mouser.co.uk/ProductDetail/KEMET/C0603C104K4RACTU?qs=l5k%252BbMnNDknCtKnMv1oEgA%3D%3D"; VariantName = "[No Variations]"
Add component (AddParameter): Name = "MPN"; Value = "C0603C104K4RACTU"; VariantName = "[No Variations]"
Add component (AddParameter): Name = "PCBA"; Value = "Assembly"; VariantName = "[No Variations]"
Add component (AddParameter): Name = "Supplier"; Value = "Mouser"; VariantName = "[No Variations]"
Add component (AddParameter): Name = "Value"; Value = "0.1µ"; VariantName = "[No Variations]"
Added Component: Designator=C8(C0603)
Add component (AddParameter): Name = "Arrow Part Number"; Value = "C0603C103K4RECTU"; VariantName = "[No Variations]"
Add component (AddParameter): Name = "Arrow Price/Stock"; Value = "https://www.arrow.com/en/products/c0603c103k4rectu/kemet-corporation?region=nac"; VariantName = "[No Variations]"
Add component (AddParameter): Name = "Datasheet Link"; Value = "https://content.kemet.com/datasheets/KEM_C1090_X7R_ESD.pdf"; VariantName = "[No Variations]"
Add component (AddParameter): Name = "Height"; Value = "0.87mm"; VariantName = "[No Variations]"
Add component (AddParameter): Name = "Manufacturer_Name"; Value = "KEMET"; VariantName = "[No Variations]"
Add component (AddParameter): Name = "Manufacturer_Part_Number"; Value = "C0603C103K4RECTU"; VariantName = "[No Variations]"
Add component (AddParameter): Name = "Mouser Part Number"; Value = "80-C0603C103K4RECTU"; VariantName = "[No Variations]"
Add component (AddParameter): Name = "Mouser Price/Stock"; Value = "https://www.mouser.co.uk/ProductDetail/KEMET/C0603C103K4RECTU?qs=55YtniHzbhDzGaFFpCm8vg%3D%3D"; VariantName = "[No Variations]"
Add component (AddParameter): Name = "MPN"; Value = "C0603C103K4RECTU"; VariantName = "[No Variations]"
Add component (AddParameter): Name = "PCBA"; Value = "Assembly"; VariantName = "[No Variations]"
Add component (AddParameter): Name = "Supplier"; Value = "Mouser"; VariantName = "[No Variations]"
Add component (AddParameter): Name = "Value"; Value = "0.01µ"; VariantName = "[No Variations]"
Added Component: Designator=C9(C0603)
Add component (AddParameter): Name = "Arrow Part Number"; Value = "C0603C104K4RACTU"; VariantName = "[No Variations]"
Add component (AddParameter): Name = "Arrow Price/Stock"; Value = "https://www.arrow.com/en/products/c0603c104k4ractu/kemet-corporation?utm_currency=USD&region=nac"; VariantName = "[No Variations]"
Add component (AddParameter): Name = "Datasheet Link"; Value = "https://content.kemet.com/datasheets/KEM_C1002_X7R_SMD.pdf"; VariantName = "[No Variations]"
Add component (AddParameter): Name = "Height"; Value = "0.87mm"; VariantName = "[No Variations]"
Add component (AddParameter): Name = "Manufacturer_Name"; Value = "KEMET"; VariantName = "[No Variations]"
Add component (AddParameter): Name = "Manufacturer_Part_Number"; Value = "C0603C104K4RACTU"; VariantName = "[No Variations]"
Add component (AddParameter): Name = "Mouser Part Number"; Value = "80-C0603C104K4R"; VariantName = "[No Variations]"
Add component (AddParameter): Name = "Mouser Price/Stock"; Value = "https://www.mouser.co.uk/ProductDetail/KEMET/C0603C104K4RACTU?qs=l5k%252BbMnNDknCtKnMv1oEgA%3D%3D"; VariantName = "[No Variations]"
Add component (AddParameter): Name = "MPN"; Value = "C0603C104K4RACTU"; VariantName = "[No Variations]"
Add component (AddParameter): Name = "PCBA"; Value = "Assembly"; VariantName = "[No Variations]"
Add component (AddParameter): Name = "Supplier"; Value = "Mouser"; VariantName = "[No Variations]"
Add component (AddParameter): Name = "Value"; Value = "0.1µ"; VariantName = "[No Variations]"
Added Component: Designator=C10(C0603)
Add component (AddParameter): Name = "Arrow Part Number"; Value = "C0603C103K4RECTU"; VariantName = "[No Variations]"
Add component (AddParameter): Name = "Arrow Price/Stock"; Value = "https://www.arrow.com/en/products/c0603c103k4rectu/kemet-corporation?region=nac"; VariantName = "[No Variations]"
Add component (AddParameter): Name = "Datasheet Link"; Value = "https://content.kemet.com/datasheets/KEM_C1090_X7R_ESD.pdf"; VariantName = "[No Variations]"
Add component (AddParameter): Name = "Height"; Value = "0.87mm"; VariantName = "[No Variations]"
Add component (AddParameter): Name = "Manufacturer_Name"; Value = "KEMET"; VariantName = "[No Variations]"
Add component (AddParameter): Name = "Manufacturer_Part_Number"; Value = "C0603C103K4RECTU"; VariantName = "[No Variations]"
Add component (AddParameter): Name = "Mouser Part Number"; Value = "80-C0603C103K4RECTU"; VariantName = "[No Variations]"
Add component (AddParameter): Name = "Mouser Price/Stock"; Value = "https://www.mouser.co.uk/ProductDetail/KEMET/C0603C103K4RECTU?qs=55YtniHzbhDzGaFFpCm8vg%3D%3D"; VariantName = "[No Variations]"
Add component (AddParameter): Name = "MPN"; Value = "C0603C103K4RECTU"; VariantName = "[No Variations]"
Add component (AddParameter): Name = "PCBA"; Value = "Assembly"; VariantName = "[No Variations]"
Add component (AddParameter): Name = "Supplier"; Value = "Mouser"; VariantName = "[No Variations]"
Add component (AddParameter): Name = "Value"; Value = "0.01µ"; VariantName = "[No Variations]"
Added Component: Designator=C11(C0603)
Add component (AddParameter): Name = "Arrow Part Number"; Value = "C0603C103K4RECTU"; VariantName = "[No Variations]"
Add component (AddParameter): Name = "Arrow Price/Stock"; Value = "https://www.arrow.com/en/products/c0603c103k4rectu/kemet-corporation?region=nac"; VariantName = "[No Variations]"
Add component (AddParameter): Name = "Datasheet Link"; Value = "https://content.kemet.com/datasheets/KEM_C1090_X7R_ESD.pdf"; VariantName = "[No Variations]"
Add component (AddParameter): Name = "Height"; Value = "0.87mm"; VariantName = "[No Variations]"
Add component (AddParameter): Name = "Manufacturer_Name"; Value = "KEMET"; VariantName = "[No Variations]"
Add component (AddParameter): Name = "Manufacturer_Part_Number"; Value = "C0603C103K4RECTU"; VariantName = "[No Variations]"
Add component (AddParameter): Name = "Mouser Part Number"; Value = "80-C0603C103K4RECTU"; VariantName = "[No Variations]"
Add component (AddParameter): Name = "Mouser Price/Stock"; Value = "https://www.mouser.co.uk/ProductDetail/KEMET/C0603C103K4RECTU?qs=55YtniHzbhDzGaFFpCm8vg%3D%3D"; VariantName = "[No Variations]"
Add component (AddParameter): Name = "MPN"; Value = "C0603C103K4RECTU"; VariantName = "[No Variations]"
Add component (AddParameter): Name = "PCBA"; Value = "Assembly"; VariantName = "[No Variations]"
Add component (AddParameter): Name = "Supplier"; Value = "Mouser"; VariantName = "[No Variations]"
Add component (AddParameter): Name = "Value"; Value = "0.01µ"; VariantName = "[No Variations]"
Added Component: Designator=C12(C0603)
Add component (AddParameter): Name = "Arrow Part Number"; Value = "C0603C104K4RACTU"; VariantName = "[No Variations]"
Add component (AddParameter): Name = "Arrow Price/Stock"; Value = "https://www.arrow.com/en/products/c0603c104k4ractu/kemet-corporation?utm_currency=USD&region=nac"; VariantName = "[No Variations]"
Add component (AddParameter): Name = "Datasheet Link"; Value = "https://content.kemet.com/datasheets/KEM_C1002_X7R_SMD.pdf"; VariantName = "[No Variations]"
Add component (AddParameter): Name = "Height"; Value = "0.87mm"; VariantName = "[No Variations]"
Add component (AddParameter): Name = "Manufacturer_Name"; Value = "KEMET"; VariantName = "[No Variations]"
Add component (AddParameter): Name = "Manufacturer_Part_Number"; Value = "C0603C104K4RACTU"; VariantName = "[No Variations]"
Add component (AddParameter): Name = "Mouser Part Number"; Value = "80-C0603C104K4R"; VariantName = "[No Variations]"
Add component (AddParameter): Name = "Mouser Price/Stock"; Value = "https://www.mouser.co.uk/ProductDetail/KEMET/C0603C104K4RACTU?qs=l5k%252BbMnNDknCtKnMv1oEgA%3D%3D"; VariantName = "[No Variations]"
Add component (AddParameter): Name = "MPN"; Value = "C0603C104K4RACTU"; VariantName = "[No Variations]"
Add component (AddParameter): Name = "PCBA"; Value = "Assembly"; VariantName = "[No Variations]"
Add component (AddParameter): Name = "Supplier"; Value = "Mouser"; VariantName = "[No Variations]"
Add component (AddParameter): Name = "Value"; Value = "0.1µ"; VariantName = "[No Variations]"
Added Component: Designator=C13(CAPC1608X90N)
Add component (AddParameter): Name = "Arrow Part Number"; Value = "CL10B105KO8NNNC"; VariantName = "[No Variations]"
Add component (AddParameter): Name = "Arrow Price/Stock"; Value = "https://www.arrow.com/en/products/cl10b105ko8nnnc/samsung-electro-mechanics?utm_currency=USD&region=europe"; VariantName = "[No Variations]"
Add component (AddParameter): Name = "Datasheet Link"; Value = "https://datasheet.datasheetarchive.com/originals/distributors/Datasheets-DGA10/2410179.pdf"; VariantName = "[No Variations]"
Add component (AddParameter): Name = "Height"; Value = "0.9mm"; VariantName = "[No Variations]"
Add component (AddParameter): Name = "Manufacturer_Name"; Value = "SAMSUNG"; VariantName = "[No Variations]"
Add component (AddParameter): Name = "Manufacturer_Part_Number"; Value = "CL10B105KO8NNNC"; VariantName = "[No Variations]"
Add component (AddParameter): Name = "Mouser Part Number"; Value = "187-CL10B105KO8NNNC"; VariantName = "[No Variations]"
Add component (AddParameter): Name = "Mouser Price/Stock"; Value = "https://www.mouser.co.uk/ProductDetail/Samsung-Electro-Mechanics/CL10B105KO8NNNC?qs=349EhDEZ59o2mlUAs%2FkaKg%3D%3D"; VariantName = "[No Variations]"
Add component (AddParameter): Name = "MPN"; Value = "CL10B105KO8NNNC"; VariantName = "[No Variations]"
Add component (AddParameter): Name = "PCBA"; Value = "Assembly"; VariantName = "[No Variations]"
Add component (AddParameter): Name = "Supplier"; Value = "Mouser"; VariantName = "[No Variations]"
Add component (AddParameter): Name = "Value"; Value = "1µ"; VariantName = "[No Variations]"
Added Component: Designator=C14(C0603)
Add component (AddParameter): Name = "Arrow Part Number"; Value = "C0603C104K4RACTU"; VariantName = "[No Variations]"
Add component (AddParameter): Name = "Arrow Price/Stock"; Value = "https://www.arrow.com/en/products/c0603c104k4ractu/kemet-corporation?utm_currency=USD&region=nac"; VariantName = "[No Variations]"
Add component (AddParameter): Name = "Datasheet Link"; Value = "https://content.kemet.com/datasheets/KEM_C1002_X7R_SMD.pdf"; VariantName = "[No Variations]"
Add component (AddParameter): Name = "Height"; Value = "0.87mm"; VariantName = "[No Variations]"
Add component (AddParameter): Name = "Manufacturer_Name"; Value = "KEMET"; VariantName = "[No Variations]"
Add component (AddParameter): Name = "Manufacturer_Part_Number"; Value = "C0603C104K4RACTU"; VariantName = "[No Variations]"
Add component (AddParameter): Name = "Mouser Part Number"; Value = "80-C0603C104K4R"; VariantName = "[No Variations]"
Add component (AddParameter): Name = "Mouser Price/Stock"; Value = "https://www.mouser.co.uk/ProductDetail/KEMET/C0603C104K4RACTU?qs=l5k%252BbMnNDknCtKnMv1oEgA%3D%3D"; VariantName = "[No Variations]"
Add component (AddParameter): Name = "MPN"; Value = "C0603C104K4RACTU"; VariantName = "[No Variations]"
Add component (AddParameter): Name = "PCBA"; Value = "Assembly"; VariantName = "[No Variations]"
Add component (AddParameter): Name = "Supplier"; Value = "Mouser"; VariantName = "[No Variations]"
Add component (AddParameter): Name = "Value"; Value = "0.1µ"; VariantName = "[No Variations]"
Added Component: Designator=C15(CAPC1608X90N)
Add component (AddParameter): Name = "Arrow Part Number"; Value = "CL10B105KO8NNNC"; VariantName = "[No Variations]"
Add component (AddParameter): Name = "Arrow Price/Stock"; Value = "https://www.arrow.com/en/products/cl10b105ko8nnnc/samsung-electro-mechanics?utm_currency=USD&region=europe"; VariantName = "[No Variations]"
Add component (AddParameter): Name = "Datasheet Link"; Value = "https://datasheet.datasheetarchive.com/originals/distributors/Datasheets-DGA10/2410179.pdf"; VariantName = "[No Variations]"
Add component (AddParameter): Name = "Height"; Value = "0.9mm"; VariantName = "[No Variations]"
Add component (AddParameter): Name = "Manufacturer_Name"; Value = "SAMSUNG"; VariantName = "[No Variations]"
Add component (AddParameter): Name = "Manufacturer_Part_Number"; Value = "CL10B105KO8NNNC"; VariantName = "[No Variations]"
Add component (AddParameter): Name = "Mouser Part Number"; Value = "187-CL10B105KO8NNNC"; VariantName = "[No Variations]"
Add component (AddParameter): Name = "Mouser Price/Stock"; Value = "https://www.mouser.co.uk/ProductDetail/Samsung-Electro-Mechanics/CL10B105KO8NNNC?qs=349EhDEZ59o2mlUAs%2FkaKg%3D%3D"; VariantName = "[No Variations]"
Add component (AddParameter): Name = "MPN"; Value = "CL10B105KO8NNNC"; VariantName = "[No Variations]"
Add component (AddParameter): Name = "PCBA"; Value = "Assembly"; VariantName = "[No Variations]"
Add component (AddParameter): Name = "Supplier"; Value = "Mouser"; VariantName = "[No Variations]"
Add component (AddParameter): Name = "Value"; Value = "1µ"; VariantName = "[No Variations]"
Added Component: Designator=C16(C0603)
Add component (AddParameter): Name = "Arrow Part Number"; Value = "C0603C103K4RECTU"; VariantName = "[No Variations]"
Add component (AddParameter): Name = "Arrow Price/Stock"; Value = "https://www.arrow.com/en/products/c0603c103k4rectu/kemet-corporation?region=nac"; VariantName = "[No Variations]"
Add component (AddParameter): Name = "Datasheet Link"; Value = "https://content.kemet.com/datasheets/KEM_C1090_X7R_ESD.pdf"; VariantName = "[No Variations]"
Add component (AddParameter): Name = "Height"; Value = "0.87mm"; VariantName = "[No Variations]"
Add component (AddParameter): Name = "Manufacturer_Name"; Value = "KEMET"; VariantName = "[No Variations]"
Add component (AddParameter): Name = "Manufacturer_Part_Number"; Value = "C0603C103K4RECTU"; VariantName = "[No Variations]"
Add component (AddParameter): Name = "Mouser Part Number"; Value = "80-C0603C103K4RECTU"; VariantName = "[No Variations]"
Add component (AddParameter): Name = "Mouser Price/Stock"; Value = "https://www.mouser.co.uk/ProductDetail/KEMET/C0603C103K4RECTU?qs=55YtniHzbhDzGaFFpCm8vg%3D%3D"; VariantName = "[No Variations]"
Add component (AddParameter): Name = "MPN"; Value = "C0603C103K4RECTU"; VariantName = "[No Variations]"
Add component (AddParameter): Name = "PCBA"; Value = "Assembly"; VariantName = "[No Variations]"
Add component (AddParameter): Name = "Supplier"; Value = "Mouser"; VariantName = "[No Variations]"
Add component (AddParameter): Name = "Value"; Value = "0.01µ"; VariantName = "[No Variations]"
Added Component: Designator=C17(C0603)
Add component (AddParameter): Name = "Arrow Part Number"; Value = "C0603C104K4RACTU"; VariantName = "[No Variations]"
Add component (AddParameter): Name = "Arrow Price/Stock"; Value = "https://www.arrow.com/en/products/c0603c104k4ractu/kemet-corporation?utm_currency=USD&region=nac"; VariantName = "[No Variations]"
Add component (AddParameter): Name = "Datasheet Link"; Value = "https://content.kemet.com/datasheets/KEM_C1002_X7R_SMD.pdf"; VariantName = "[No Variations]"
Add component (AddParameter): Name = "Height"; Value = "0.87mm"; VariantName = "[No Variations]"
Add component (AddParameter): Name = "Manufacturer_Name"; Value = "KEMET"; VariantName = "[No Variations]"
Add component (AddParameter): Name = "Manufacturer_Part_Number"; Value = "C0603C104K4RACTU"; VariantName = "[No Variations]"
Add component (AddParameter): Name = "Mouser Part Number"; Value = "80-C0603C104K4R"; VariantName = "[No Variations]"
Add component (AddParameter): Name = "Mouser Price/Stock"; Value = "https://www.mouser.co.uk/ProductDetail/KEMET/C0603C104K4RACTU?qs=l5k%252BbMnNDknCtKnMv1oEgA%3D%3D"; VariantName = "[No Variations]"
Add component (AddParameter): Name = "MPN"; Value = "C0603C104K4RACTU"; VariantName = "[No Variations]"
Add component (AddParameter): Name = "PCBA"; Value = "Assembly"; VariantName = "[No Variations]"
Add component (AddParameter): Name = "Supplier"; Value = "Mouser"; VariantName = "[No Variations]"
Add component (AddParameter): Name = "Value"; Value = "0.1µ"; VariantName = "[No Variations]"
Added Component: Designator=C19(CAPC1608X90N)
Add component (AddParameter): Name = "Arrow Part Number"; Value = "CL10B105KO8NNNC"; VariantName = "[No Variations]"
Add component (AddParameter): Name = "Arrow Price/Stock"; Value = "https://www.arrow.com/en/products/cl10b105ko8nnnc/samsung-electro-mechanics?utm_currency=USD&region=europe"; VariantName = "[No Variations]"
Add component (AddParameter): Name = "Datasheet Link"; Value = "https://datasheet.datasheetarchive.com/originals/distributors/Datasheets-DGA10/2410179.pdf"; VariantName = "[No Variations]"
Add component (AddParameter): Name = "Height"; Value = "0.9mm"; VariantName = "[No Variations]"
Add component (AddParameter): Name = "Manufacturer_Name"; Value = "SAMSUNG"; VariantName = "[No Variations]"
Add component (AddParameter): Name = "Manufacturer_Part_Number"; Value = "CL10B105KO8NNNC"; VariantName = "[No Variations]"
Add component (AddParameter): Name = "Mouser Part Number"; Value = "187-CL10B105KO8NNNC"; VariantName = "[No Variations]"
Add component (AddParameter): Name = "Mouser Price/Stock"; Value = "https://www.mouser.co.uk/ProductDetail/Samsung-Electro-Mechanics/CL10B105KO8NNNC?qs=349EhDEZ59o2mlUAs%2FkaKg%3D%3D"; VariantName = "[No Variations]"
Add component (AddParameter): Name = "MPN"; Value = "CL10B105KO8NNNC"; VariantName = "[No Variations]"
Add component (AddParameter): Name = "PCBA"; Value = "Assembly"; VariantName = "[No Variations]"
Add component (AddParameter): Name = "Supplier"; Value = "Mouser"; VariantName = "[No Variations]"
Add component (AddParameter): Name = "Value"; Value = "1µ"; VariantName = "[No Variations]"
Added Component: Designator=C22(CAPC1608X90)
Add component (AddParameter): Name = "Check_prices"; Value = "https://www.snapeda.com/parts/CC0603JRNPO9BN250/Yageo/view-part/?ref=eda"; VariantName = "[No Variations]"
Add component (AddParameter): Name = "MF"; Value = "Yageo"; VariantName = "[No Variations]"
Add component (AddParameter): Name = "MP"; Value = "CC0603JRNPO9BN250"; VariantName = "[No Variations]"
Add component (AddParameter): Name = "MPN"; Value = "CC0603JRNPO9BN250"; VariantName = "[No Variations]"
Add component (AddParameter): Name = "Package"; Value = "0603 Yageo"; VariantName = "[No Variations]"
Add component (AddParameter): Name = "PCBA"; Value = "Assembly"; VariantName = "[No Variations]"
Add component (AddParameter): Name = "SnapEDA_Link"; Value = "https://www.snapeda.com/parts/CC0603JRNPO9BN250/Yageo/view-part/?ref=snap"; VariantName = "[No Variations]"
Add component (AddParameter): Name = "Supplier"; Value = "Mouser"; VariantName = "[No Variations]"
Add component (AddParameter): Name = "Value"; Value = "25p"; VariantName = "[No Variations]"
Added Component: Designator=C23(CAPC1608X90)
Add component (AddParameter): Name = "Check_prices"; Value = "https://www.snapeda.com/parts/CC0603JRNPO9BN250/Yageo/view-part/?ref=eda"; VariantName = "[No Variations]"
Add component (AddParameter): Name = "MF"; Value = "Yageo"; VariantName = "[No Variations]"
Add component (AddParameter): Name = "MP"; Value = "CC0603JRNPO9BN250"; VariantName = "[No Variations]"
Add component (AddParameter): Name = "MPN"; Value = "CC0603JRNPO9BN250"; VariantName = "[No Variations]"
Add component (AddParameter): Name = "Package"; Value = "0603 Yageo"; VariantName = "[No Variations]"
Add component (AddParameter): Name = "PCBA"; Value = "Assembly"; VariantName = "[No Variations]"
Add component (AddParameter): Name = "SnapEDA_Link"; Value = "https://www.snapeda.com/parts/CC0603JRNPO9BN250/Yageo/view-part/?ref=snap"; VariantName = "[No Variations]"
Add component (AddParameter): Name = "Supplier"; Value = "Mouser"; VariantName = "[No Variations]"
Add component (AddParameter): Name = "Value"; Value = "25p"; VariantName = "[No Variations]"
Added Component: Designator=C24(C0603)
Add component (AddParameter): Name = "Arrow Part Number"; Value = "C0603C103K4RECTU"; VariantName = "[No Variations]"
Add component (AddParameter): Name = "Arrow Price/Stock"; Value = "https://www.arrow.com/en/products/c0603c103k4rectu/kemet-corporation?region=nac"; VariantName = "[No Variations]"
Add component (AddParameter): Name = "Datasheet Link"; Value = "https://content.kemet.com/datasheets/KEM_C1090_X7R_ESD.pdf"; VariantName = "[No Variations]"
Add component (AddParameter): Name = "Height"; Value = "0.87mm"; VariantName = "[No Variations]"
Add component (AddParameter): Name = "Manufacturer_Name"; Value = "KEMET"; VariantName = "[No Variations]"
Add component (AddParameter): Name = "Manufacturer_Part_Number"; Value = "C0603C103K4RECTU"; VariantName = "[No Variations]"
Add component (AddParameter): Name = "Mouser Part Number"; Value = "80-C0603C103K4RECTU"; VariantName = "[No Variations]"
Add component (AddParameter): Name = "Mouser Price/Stock"; Value = "https://www.mouser.co.uk/ProductDetail/KEMET/C0603C103K4RECTU?qs=55YtniHzbhDzGaFFpCm8vg%3D%3D"; VariantName = "[No Variations]"
Add component (AddParameter): Name = "MPN"; Value = "C0603C103K4RECTU"; VariantName = "[No Variations]"
Add component (AddParameter): Name = "PCBA"; Value = "Assembly"; VariantName = "[No Variations]"
Add component (AddParameter): Name = "Supplier"; Value = "Mouser"; VariantName = "[No Variations]"
Add component (AddParameter): Name = "Value"; Value = "0.01µ"; VariantName = "[No Variations]"
Added Component: Designator=C25(C0603)
Add component (AddParameter): Name = "Arrow Part Number"; Value = "C0603C104K4RACTU"; VariantName = "[No Variations]"
Add component (AddParameter): Name = "Arrow Price/Stock"; Value = "https://www.arrow.com/en/products/c0603c104k4ractu/kemet-corporation?utm_currency=USD&region=nac"; VariantName = "[No Variations]"
Add component (AddParameter): Name = "Datasheet Link"; Value = "https://content.kemet.com/datasheets/KEM_C1002_X7R_SMD.pdf"; VariantName = "[No Variations]"
Add component (AddParameter): Name = "Height"; Value = "0.87mm"; VariantName = "[No Variations]"
Add component (AddParameter): Name = "Manufacturer_Name"; Value = "KEMET"; VariantName = "[No Variations]"
Add component (AddParameter): Name = "Manufacturer_Part_Number"; Value = "C0603C104K4RACTU"; VariantName = "[No Variations]"
Add component (AddParameter): Name = "Mouser Part Number"; Value = "80-C0603C104K4R"; VariantName = "[No Variations]"
Add component (AddParameter): Name = "Mouser Price/Stock"; Value = "https://www.mouser.co.uk/ProductDetail/KEMET/C0603C104K4RACTU?qs=l5k%252BbMnNDknCtKnMv1oEgA%3D%3D"; VariantName = "[No Variations]"
Add component (AddParameter): Name = "MPN"; Value = "C0603C104K4RACTU"; VariantName = "[No Variations]"
Add component (AddParameter): Name = "PCBA"; Value = "Assembly"; VariantName = "[No Variations]"
Add component (AddParameter): Name = "Supplier"; Value = "Mouser"; VariantName = "[No Variations]"
Add component (AddParameter): Name = "Value"; Value = "0.1µ"; VariantName = "[No Variations]"
Added Component: Designator=IC1(SOTFL50P160X60-6N)
Add component (AddParameter): Name = "Arrow Part Number"; Value = "TMP112AIDRLR"; VariantName = "[No Variations]"
Add component (AddParameter): Name = "MPN"; Value = "TMP112AIDRLR"; VariantName = "[No Variations]"
Add component (AddParameter): Name = "PCBA"; Value = "Assembly"; VariantName = "[No Variations]"
Add component (AddParameter): Name = "Supplier"; Value = "Mouser"; VariantName = "[No Variations]"
Add component (AddParameter): Name = "Value"; Value = "TMP112AIDRLR"; VariantName = "[No Variations]"
Added Component: Designator=IC2(SOTFL50P160X60-6N)
Add component (AddParameter): Name = "Arrow Part Number"; Value = "TMP112AIDRLR"; VariantName = "[No Variations]"
Add component (AddParameter): Name = "MPN"; Value = "TMP112AIDRLR"; VariantName = "[No Variations]"
Add component (AddParameter): Name = "PCBA"; Value = "Assembly"; VariantName = "[No Variations]"
Add component (AddParameter): Name = "Supplier"; Value = "Mouser"; VariantName = "[No Variations]"
Add component (AddParameter): Name = "Value"; Value = "TMP112AIDRLR"; VariantName = "[No Variations]"
Added Component: Designator=IC3(SOTFL50P160X60-6N)
Add component (AddParameter): Name = "Arrow Part Number"; Value = "TMP112AIDRLR"; VariantName = "[No Variations]"
Add component (AddParameter): Name = "MPN"; Value = "TMP112AIDRLR"; VariantName = "[No Variations]"
Add component (AddParameter): Name = "PCBA"; Value = "Assembly"; VariantName = "[No Variations]"
Add component (AddParameter): Name = "Supplier"; Value = "Mouser"; VariantName = "[No Variations]"
Add component (AddParameter): Name = "Value"; Value = "TMP112AIDRLR"; VariantName = "[No Variations]"
Added Component: Designator=IC4(SOTFL50P160X60-6N)
Add component (AddParameter): Name = "Arrow Part Number"; Value = "TMP112AIDRLR"; VariantName = "[No Variations]"
Add component (AddParameter): Name = "MPN"; Value = "TMP112AIDRLR"; VariantName = "[No Variations]"
Add component (AddParameter): Name = "PCBA"; Value = "Assembly"; VariantName = "[No Variations]"
Add component (AddParameter): Name = "Supplier"; Value = "Mouser"; VariantName = "[No Variations]"
Add component (AddParameter): Name = "Value"; Value = "TMP112AIDRLR"; VariantName = "[No Variations]"
Added Component: Designator=IC5(SON100P300X300X80-7N-D)
Add component (AddParameter): Name = "Arrow Part Number"; Value = "HDC1080DMBR"; VariantName = "[No Variations]"
Add component (AddParameter): Name = "MPN"; Value = "HDC1080DMBR"; VariantName = "[No Variations]"
Add component (AddParameter): Name = "PCBA"; Value = "Assembly"; VariantName = "[No Variations]"
Add component (AddParameter): Name = "Supplier"; Value = "Mouser"; VariantName = "[No Variations]"
Add component (AddParameter): Name = "Value"; Value = "HDC1080DMBR"; VariantName = "[No Variations]"
Added Component: Designator=IC6(SOT65P210X110-5N)
Add component (AddParameter): Name = "Arrow Part Number"; Value = "TPS71733DCKR"; VariantName = "[No Variations]"
Add component (AddParameter): Name = "MPN"; Value = "TPS71733DCKR"; VariantName = "[No Variations]"
Add component (AddParameter): Name = "PCBA"; Value = "Assembly"; VariantName = "[No Variations]"
Add component (AddParameter): Name = "Supplier"; Value = "Mouser"; VariantName = "[No Variations]"
Add component (AddParameter): Name = "Value"; Value = "TPS71733DCKR"; VariantName = "[No Variations]"
Added Component: Designator=IC7(ESP32C3MINI1N4)
Add component (AddParameter): Name = "Arrow Part Number"; Value = ""; VariantName = "[No Variations]"
Add component (AddParameter): Name = "MPN"; Value = "ESP32-C3-MINI-1-N4"; VariantName = "[No Variations]"
Add component (AddParameter): Name = "PCBA"; Value = "Assembly"; VariantName = "[No Variations]"
Add component (AddParameter): Name = "Supplier"; Value = "Mouser"; VariantName = "[No Variations]"
Add component (AddParameter): Name = "Value"; Value = "ESP32-C3-MINI-1-N4"; VariantName = "[No Variations]"
Added Component: Designator=IC8(SOT95P270X145-5N)
Add component (AddParameter): Name = "Arrow Part Number"; Value = "MCP73831T-2ACI/OT"; VariantName = "[No Variations]"
Add component (AddParameter): Name = "MPN"; Value = "MCP73831T-2ACI/OT"; VariantName = "[No Variations]"
Add component (AddParameter): Name = "PCBA"; Value = "Assembly"; VariantName = "[No Variations]"
Add component (AddParameter): Name = "Supplier"; Value = "Mouser"; VariantName = "[No Variations]"
Add component (AddParameter): Name = "Value"; Value = "MCP73831T-2ACI/OT"; VariantName = "[No Variations]"
Added Component: Designator=IC9(SOIC127P600X175-8N)
Add component (AddParameter): Name = "Arrow Part Number"; Value = "ST25DV04K-IER6S3"; VariantName = "[No Variations]"
Add component (AddParameter): Name = "MPN"; Value = "ST25DV04K-IER6S3"; VariantName = "[No Variations]"
Add component (AddParameter): Name = "PCBA"; Value = "Assembly"; VariantName = "[No Variations]"
Add component (AddParameter): Name = "Supplier"; Value = "Mouser"; VariantName = "[No Variations]"
Add component (AddParameter): Name = "Value"; Value = "ST25DV04K-IER6S3"; VariantName = "[No Variations]"
Added Component: Designator=LED1(LYL29KH1K226)
Add component (AddParameter): Name = "Arrow Part Number"; Value = "LY L29K-H1K2-26"; VariantName = "[No Variations]"
Add component (AddParameter): Name = "Arrow Price/Stock"; Value = "https://www.arrow.com/en/products/ly-l29k-h1k2-26/osram-opto-semiconductors?region=nac"; VariantName = "[No Variations]"
Add component (AddParameter): Name = "Datasheet Link"; Value = "https://dammedia.osram.info/media/resource/hires/osram-dam-5662688/LY%20L29K_EN.pdf"; VariantName = "[No Variations]"
Add component (AddParameter): Name = "Height"; Value = "0.67mm"; VariantName = "[No Variations]"
Add component (AddParameter): Name = "Manufacturer_Name"; Value = "ams OSRAM"; VariantName = "[No Variations]"
Add component (AddParameter): Name = "Manufacturer_Part_Number"; Value = "LY L29K-H1K2-26"; VariantName = "[No Variations]"
Add component (AddParameter): Name = "Mouser Part Number"; Value = "720-LYL29KH1K226Z"; VariantName = "[No Variations]"
Add component (AddParameter): Name = "Mouser Price/Stock"; Value = "https://www.mouser.co.uk/ProductDetail/ams-OSRAM/LY-L29K-H1K2-26?qs=NTcu%252BMSV%252BkOdHd4qoSi5WQ%3D%3D"; VariantName = "[No Variations]"
Add component (AddParameter): Name = "MPN"; Value = "LY L29K-H1K2-26"; VariantName = "[No Variations]"
Add component (AddParameter): Name = "PCBA"; Value = "Assembly"; VariantName = "[No Variations]"
Add component (AddParameter): Name = "Supplier"; Value = "Mouser"; VariantName = "[No Variations]"
Add component (AddParameter): Name = "Value"; Value = "LY L29K-H1K2-26"; VariantName = "[No Variations]"
Added Component: Designator=LED2(CSL1001BT1C)
Add component (AddParameter): Name = "Arrow Part Number"; Value = ""; VariantName = "[No Variations]"
Add component (AddParameter): Name = "Arrow Price/Stock"; Value = ""; VariantName = "[No Variations]"
Add component (AddParameter): Name = "Datasheet Link"; Value = "https://fscdn.rohm.com/en/products/databook/datasheet/opto/led/chip_mono/csl1001bt1(c)-e.pdf"; VariantName = "[No Variations]"
Add component (AddParameter): Name = "Height"; Value = "1.16mm"; VariantName = "[No Variations]"
Add component (AddParameter): Name = "Manufacturer_Name"; Value = "ROHM Semiconductor"; VariantName = "[No Variations]"
Add component (AddParameter): Name = "Manufacturer_Part_Number"; Value = "CSL1001BT1C"; VariantName = "[No Variations]"
Add component (AddParameter): Name = "Mouser Part Number"; Value = "755-CSL1001BT1C"; VariantName = "[No Variations]"
Add component (AddParameter): Name = "Mouser Price/Stock"; Value = "https://www.mouser.co.uk/ProductDetail/ROHM-Semiconductor/CSL1001BT1C?qs=HoCaDK9Nz5fqNTX3Pg0ReA%3D%3D"; VariantName = "[No Variations]"
Add component (AddParameter): Name = "MPN"; Value = "CSL1001BT1C"; VariantName = "[No Variations]"
Add component (AddParameter): Name = "PCBA"; Value = "Assembly"; VariantName = "[No Variations]"
Add component (AddParameter): Name = "Supplier"; Value = "Mouser"; VariantName = "[No Variations]"
Add component (AddParameter): Name = "Value"; Value = "CSL1001BT1C"; VariantName = "[No Variations]"
Added Component: Designator=LED3(LEDC1308X67N)
Add component (AddParameter): Name = "Arrow Part Number"; Value = "LG L29K-F2J1-24"; VariantName = "[No Variations]"
Add component (AddParameter): Name = "Arrow Price/Stock"; Value = "https://www.arrow.com/en/products/lg-l29k-f2j1-24/ams-osram?utm_currency=USD&region=europe"; VariantName = "[No Variations]"
Add component (AddParameter): Name = "Datasheet Link"; Value = "http://www.osram-os.com/Graphics/XPic0/00167682_0.pdf"; VariantName = "[No Variations]"
Add component (AddParameter): Name = "Height"; Value = "0.67mm"; VariantName = "[No Variations]"
Add component (AddParameter): Name = "Manufacturer_Name"; Value = "ams OSRAM"; VariantName = "[No Variations]"
Add component (AddParameter): Name = "Manufacturer_Part_Number"; Value = "LG L29K-F2J1-24"; VariantName = "[No Variations]"
Add component (AddParameter): Name = "Mouser Part Number"; Value = "720-LGL29KF2J124Z"; VariantName = "[No Variations]"
Add component (AddParameter): Name = "Mouser Price/Stock"; Value = "https://www.mouser.co.uk/ProductDetail/ams-OSRAM/LG-L29K-F2J1-24?qs=fnYUjNMxfVByrkxdJaMWtQ%3D%3D"; VariantName = "[No Variations]"
Add component (AddParameter): Name = "MPN"; Value = "LG L29K-F2J1-24"; VariantName = "[No Variations]"
Add component (AddParameter): Name = "PCBA"; Value = "Assembly"; VariantName = "[No Variations]"
Add component (AddParameter): Name = "Supplier"; Value = "Mouser"; VariantName = "[No Variations]"
Add component (AddParameter): Name = "Value"; Value = "LG L29K-F2J1-24"; VariantName = "[No Variations]"
Added Component: Designator=LED4(LEDC1308X67N)
Add component (AddParameter): Name = "Arrow Part Number"; Value = "LS L29K-G1H2-1"; VariantName = "[No Variations]"
Add component (AddParameter): Name = "Arrow Price/Stock"; Value = "https://www.arrow.com/en/products/ls-l29k-g1h2-1/osram-opto-semiconductors"; VariantName = "[No Variations]"
Add component (AddParameter): Name = "Datasheet Link"; Value = "https://dammedia.osram.info/media/resource/hires/osram-dam-5662679/LS%20L29K_EN.pdf"; VariantName = "[No Variations]"
Add component (AddParameter): Name = "Height"; Value = "0.67mm"; VariantName = "[No Variations]"
Add component (AddParameter): Name = "Manufacturer_Name"; Value = "ams OSRAM"; VariantName = "[No Variations]"
Add component (AddParameter): Name = "Manufacturer_Part_Number"; Value = "LS L29K-G1H2-1"; VariantName = "[No Variations]"
Add component (AddParameter): Name = "Mouser Part Number"; Value = "720-LSL29K-G1H2-1-Z"; VariantName = "[No Variations]"
Add component (AddParameter): Name = "Mouser Price/Stock"; Value = "https://www.mouser.co.uk/ProductDetail/ams-OSRAM/LS-L29K-G1H2-1?qs=%252BEew9%252B0nqrDH0GMMtFi6lA%3D%3D"; VariantName = "[No Variations]"
Add component (AddParameter): Name = "MPN"; Value = "LS L29K-G1H2-1"; VariantName = "[No Variations]"
Add component (AddParameter): Name = "PCBA"; Value = "Assembly"; VariantName = "[No Variations]"
Add component (AddParameter): Name = "Supplier"; Value = "Mouser"; VariantName = "[No Variations]"
Add component (AddParameter): Name = "Value"; Value = "LS L29K-G1H2-1"; VariantName = "[No Variations]"
Added Component: Designator=Q1(SOT95P237X112-3N)
Add component (AddParameter): Name = "Arrow Part Number"; Value = "SQ2364EES-T1_GE3"; VariantName = "[No Variations]"
Add component (AddParameter): Name = "MPN"; Value = "SQ2364EES-T1_GE3"; VariantName = "[No Variations]"
Add component (AddParameter): Name = "PCBA"; Value = "Assembly"; VariantName = "[No Variations]"
Add component (AddParameter): Name = "Supplier"; Value = "Mouser"; VariantName = "[No Variations]"
Add component (AddParameter): Name = "Value"; Value = "SQ2364EES-T1_GE3"; VariantName = "[No Variations]"
Added Component: Designator=R1(RESC1608X60N)
Add component (AddParameter): Name = "Arrow Part Number"; Value = ""; VariantName = "[No Variations]"
Add component (AddParameter): Name = "Arrow Price/Stock"; Value = ""; VariantName = "[No Variations]"
Add component (AddParameter): Name = "Datasheet Link"; Value = "http://componentsearchengine.com/Datasheets/1/RR0816P-512-D.pdf"; VariantName = "[No Variations]"
Add component (AddParameter): Name = "Manufacturer_Name"; Value = "Susumu"; VariantName = "[No Variations]"
Add component (AddParameter): Name = "Manufacturer_Part_Number"; Value = "RR0816P-512-D"; VariantName = "[No Variations]"
Add component (AddParameter): Name = "Mouser Part Number"; Value = "754-RR0816P-512D"; VariantName = "[No Variations]"
Add component (AddParameter): Name = "Mouser Price/Stock"; Value = "https://www.mouser.co.uk/ProductDetail/Susumu/RR0816P-512-D?qs=nCAm%252BcMdy9ypjTUx7cPUNg%3D%3D"; VariantName = "[No Variations]"
Add component (AddParameter): Name = "MPN"; Value = "RR0816P-512-D"; VariantName = "[No Variations]"
Add component (AddParameter): Name = "PCBA"; Value = "Assembly"; VariantName = "[No Variations]"
Add component (AddParameter): Name = "Supplier"; Value = "Mouser"; VariantName = "[No Variations]"
Add component (AddParameter): Name = "Value"; Value = "5.1K"; VariantName = "[No Variations]"
Added Component: Designator=R2(RESC1608X60N)
Add component (AddParameter): Name = "Arrow Part Number"; Value = ""; VariantName = "[No Variations]"
Add component (AddParameter): Name = "Arrow Price/Stock"; Value = ""; VariantName = "[No Variations]"
Add component (AddParameter): Name = "Datasheet Link"; Value = "http://componentsearchengine.com/Datasheets/1/RR0816P-512-D.pdf"; VariantName = "[No Variations]"
Add component (AddParameter): Name = "Manufacturer_Name"; Value = "Susumu"; VariantName = "[No Variations]"
Add component (AddParameter): Name = "Manufacturer_Part_Number"; Value = "RR0816P-512-D"; VariantName = "[No Variations]"
Add component (AddParameter): Name = "Mouser Part Number"; Value = "754-RR0816P-512D"; VariantName = "[No Variations]"
Add component (AddParameter): Name = "Mouser Price/Stock"; Value = "https://www.mouser.co.uk/ProductDetail/Susumu/RR0816P-512-D?qs=nCAm%252BcMdy9ypjTUx7cPUNg%3D%3D"; VariantName = "[No Variations]"
Add component (AddParameter): Name = "MPN"; Value = "RR0816P-512-D"; VariantName = "[No Variations]"
Add component (AddParameter): Name = "PCBA"; Value = "Assembly"; VariantName = "[No Variations]"
Add component (AddParameter): Name = "Supplier"; Value = "Mouser"; VariantName = "[No Variations]"
Add component (AddParameter): Name = "Value"; Value = "5.1K"; VariantName = "[No Variations]"
Added Component: Designator=R3(RESC1608X60N)
Add component (AddParameter): Name = "Arrow Part Number"; Value = ""; VariantName = "[No Variations]"
Add component (AddParameter): Name = "Arrow Price/Stock"; Value = ""; VariantName = "[No Variations]"
Add component (AddParameter): Name = "Datasheet Link"; Value = "http://componentsearchengine.com/Datasheets/1/RR0816P-512-D.pdf"; VariantName = "[No Variations]"
Add component (AddParameter): Name = "Manufacturer_Name"; Value = "Susumu"; VariantName = "[No Variations]"
Add component (AddParameter): Name = "Manufacturer_Part_Number"; Value = "RR0816P-512-D"; VariantName = "[No Variations]"
Add component (AddParameter): Name = "Mouser Part Number"; Value = "754-RR0816P-512D"; VariantName = "[No Variations]"
Add component (AddParameter): Name = "Mouser Price/Stock"; Value = "https://www.mouser.co.uk/ProductDetail/Susumu/RR0816P-512-D?qs=nCAm%252BcMdy9ypjTUx7cPUNg%3D%3D"; VariantName = "[No Variations]"
Add component (AddParameter): Name = "MPN"; Value = "RR0816P-512-D"; VariantName = "[No Variations]"
Add component (AddParameter): Name = "PCBA"; Value = "Assembly"; VariantName = "[No Variations]"
Add component (AddParameter): Name = "Supplier"; Value = "Mouser"; VariantName = "[No Variations]"
Add component (AddParameter): Name = "Value"; Value = "5.1K"; VariantName = "[No Variations]"
Added Component: Designator=R4(RESC1608X60N)
Add component (AddParameter): Name = "Arrow Part Number"; Value = ""; VariantName = "[No Variations]"
Add component (AddParameter): Name = "Arrow Price/Stock"; Value = ""; VariantName = "[No Variations]"
Add component (AddParameter): Name = "Datasheet Link"; Value = "http://componentsearchengine.com/Datasheets/1/RR0816P-512-D.pdf"; VariantName = "[No Variations]"
Add component (AddParameter): Name = "Manufacturer_Name"; Value = "Susumu"; VariantName = "[No Variations]"
Add component (AddParameter): Name = "Manufacturer_Part_Number"; Value = "RR0816P-512-D"; VariantName = "[No Variations]"
Add component (AddParameter): Name = "Mouser Part Number"; Value = "754-RR0816P-512D"; VariantName = "[No Variations]"
Add component (AddParameter): Name = "Mouser Price/Stock"; Value = "https://www.mouser.co.uk/ProductDetail/Susumu/RR0816P-512-D?qs=nCAm%252BcMdy9ypjTUx7cPUNg%3D%3D"; VariantName = "[No Variations]"
Add component (AddParameter): Name = "MPN"; Value = "RR0816P-512-D"; VariantName = "[No Variations]"
Add component (AddParameter): Name = "PCBA"; Value = "Assembly"; VariantName = "[No Variations]"
Add component (AddParameter): Name = "Supplier"; Value = "Mouser"; VariantName = "[No Variations]"
Add component (AddParameter): Name = "Value"; Value = "5.1K"; VariantName = "[No Variations]"
Added Component: Designator=R6(RESC1608X60N)
Add component (AddParameter): Name = "Arrow Part Number"; Value = ""; VariantName = "[No Variations]"
Add component (AddParameter): Name = "Arrow Price/Stock"; Value = ""; VariantName = "[No Variations]"
Add component (AddParameter): Name = "Datasheet Link"; Value = "http://componentsearchengine.com/Datasheets/1/RR0816P-512-D.pdf"; VariantName = "[No Variations]"
Add component (AddParameter): Name = "Manufacturer_Name"; Value = "Susumu"; VariantName = "[No Variations]"
Add component (AddParameter): Name = "Manufacturer_Part_Number"; Value = "RR0816P-512-D"; VariantName = "[No Variations]"
Add component (AddParameter): Name = "Mouser Part Number"; Value = "754-RR0816P-512D"; VariantName = "[No Variations]"
Add component (AddParameter): Name = "Mouser Price/Stock"; Value = "https://www.mouser.co.uk/ProductDetail/Susumu/RR0816P-512-D?qs=nCAm%252BcMdy9ypjTUx7cPUNg%3D%3D"; VariantName = "[No Variations]"
Add component (AddParameter): Name = "MPN"; Value = "RR0816P-512-D"; VariantName = "[No Variations]"
Add component (AddParameter): Name = "PCBA"; Value = "Assembly"; VariantName = "[No Variations]"
Add component (AddParameter): Name = "Supplier"; Value = "Mouser"; VariantName = "[No Variations]"
Add component (AddParameter): Name = "Value"; Value = "5.1K"; VariantName = "[No Variations]"
Added Component: Designator=R7(RESC1608X60N)
Add component (AddParameter): Name = "Arrow Part Number"; Value = "RR0816P-103-D"; VariantName = "[No Variations]"
Add component (AddParameter): Name = "Arrow Price/Stock"; Value = "https://www.arrow.com/en/products/rr0816p-103-d/susumu"; VariantName = "[No Variations]"
Add component (AddParameter): Name = "Datasheet Link"; Value = "http://componentsearchengine.com/Datasheets/1/RR0816P-103-D.pdf"; VariantName = "[No Variations]"
Add component (AddParameter): Name = "Manufacturer_Name"; Value = "Susumu"; VariantName = "[No Variations]"
Add component (AddParameter): Name = "Manufacturer_Part_Number"; Value = "RR0816P-103-D"; VariantName = "[No Variations]"
Add component (AddParameter): Name = "Mouser Part Number"; Value = "754-RR0816P-103D"; VariantName = "[No Variations]"
Add component (AddParameter): Name = "Mouser Price/Stock"; Value = "https://www.mouser.co.uk/ProductDetail/Susumu/RR0816P-103-D?qs=nCAm%252BcMdy9zJFUifGf2vtQ%3D%3D"; VariantName = "[No Variations]"
Add component (AddParameter): Name = "MPN"; Value = "RR0816P-103-D"; VariantName = "[No Variations]"
Add component (AddParameter): Name = "PCBA"; Value = "Assembly"; VariantName = "[No Variations]"
Add component (AddParameter): Name = "Supplier"; Value = "Mouser"; VariantName = "[No Variations]"
Add component (AddParameter): Name = "Value"; Value = "10K"; VariantName = "[No Variations]"
Added Component: Designator=R8(RESC1608X60N)
Add component (AddParameter): Name = "Arrow Part Number"; Value = ""; VariantName = "[No Variations]"
Add component (AddParameter): Name = "Arrow Price/Stock"; Value = ""; VariantName = "[No Variations]"
Add component (AddParameter): Name = "Datasheet Link"; Value = "http://componentsearchengine.com/Datasheets/1/RR0816P-512-D.pdf"; VariantName = "[No Variations]"
Add component (AddParameter): Name = "Manufacturer_Name"; Value = "Susumu"; VariantName = "[No Variations]"
Add component (AddParameter): Name = "Manufacturer_Part_Number"; Value = "RR0816P-512-D"; VariantName = "[No Variations]"
Add component (AddParameter): Name = "Mouser Part Number"; Value = "754-RR0816P-512D"; VariantName = "[No Variations]"
Add component (AddParameter): Name = "Mouser Price/Stock"; Value = "https://www.mouser.co.uk/ProductDetail/Susumu/RR0816P-512-D?qs=nCAm%252BcMdy9ypjTUx7cPUNg%3D%3D"; VariantName = "[No Variations]"
Add component (AddParameter): Name = "MPN"; Value = "RR0816P-512-D"; VariantName = "[No Variations]"
Add component (AddParameter): Name = "PCBA"; Value = "Assembly"; VariantName = "[No Variations]"
Add component (AddParameter): Name = "Supplier"; Value = "Mouser"; VariantName = "[No Variations]"
Add component (AddParameter): Name = "Value"; Value = "5.1K"; VariantName = "[No Variations]"
Added Component: Designator=R9(RESC1608X50N)
Add component (AddParameter): Name = "Arrow Part Number"; Value = ""; VariantName = "[No Variations]"
Add component (AddParameter): Name = "Arrow Price/Stock"; Value = ""; VariantName = "[No Variations]"
Add component (AddParameter): Name = "Datasheet Link"; Value = "http://www.susumu.co.jp/common/pdf/n_catalog_partition05_en.pdf"; VariantName = "[No Variations]"
Add component (AddParameter): Name = "Height"; Value = "0.5mm"; VariantName = "[No Variations]"
Add component (AddParameter): Name = "Manufacturer_Name"; Value = "Susumu"; VariantName = "[No Variations]"
Add component (AddParameter): Name = "Manufacturer_Part_Number"; Value = "RR0816P-162-D"; VariantName = "[No Variations]"
Add component (AddParameter): Name = "Mouser Part Number"; Value = ""; VariantName = "[No Variations]"
Add component (AddParameter): Name = "Mouser Price/Stock"; Value = ""; VariantName = "[No Variations]"
Add component (AddParameter): Name = "MPN"; Value = "RR0816P-162-D"; VariantName = "[No Variations]"
Add component (AddParameter): Name = "PCBA"; Value = "Assembly"; VariantName = "[No Variations]"
Add component (AddParameter): Name = "Supplier"; Value = "Mouser"; VariantName = "[No Variations]"
Add component (AddParameter): Name = "Value"; Value = "1.6K"; VariantName = "[No Variations]"
Added Component: Designator=R10(RESC1608X50N)
Add component (AddParameter): Name = "Availability"; Value = "Unavailable"; VariantName = "[No Variations]"
Add component (AddParameter): Name = "MF"; Value = ""; VariantName = "[No Variations]"
Add component (AddParameter): Name = "MP"; Value = "RR0816P-2490-D-39A"; VariantName = "[No Variations]"
Add component (AddParameter): Name = "MPN"; Value = "RR0816P-2490-D-39A"; VariantName = "[No Variations]"
Add component (AddParameter): Name = "Package"; Value = "None"; VariantName = "[No Variations]"
Add component (AddParameter): Name = "PCBA"; Value = "Assembly"; VariantName = "[No Variations]"
Add component (AddParameter): Name = "Price"; Value = "None"; VariantName = "[No Variations]"
Add component (AddParameter): Name = "Supplier"; Value = "Mouser"; VariantName = "[No Variations]"
Add component (AddParameter): Name = "Value"; Value = "249"; VariantName = "[No Variations]"
Added Component: Designator=R11(RESC1608X50N)
Add component (AddParameter): Name = "Check_prices"; Value = "https://www.snapeda.com/parts/RR0816P-8060-D-88A/Susumu/view-part/?ref=eda"; VariantName = "[No Variations]"
Add component (AddParameter): Name = "MF"; Value = "Susumu"; VariantName = "[No Variations]"
Add component (AddParameter): Name = "MP"; Value = "RR0816P-8060-D-88A"; VariantName = "[No Variations]"
Add component (AddParameter): Name = "MPN"; Value = "RR0816P-8060-D-88A"; VariantName = "[No Variations]"
Add component (AddParameter): Name = "Package"; Value = "1608 Susumu"; VariantName = "[No Variations]"
Add component (AddParameter): Name = "PCBA"; Value = "Assembly"; VariantName = "[No Variations]"
Add component (AddParameter): Name = "SnapEDA_Link"; Value = "https://www.snapeda.com/parts/RR0816P-8060-D-88A/Susumu/view-part/?ref=snap"; VariantName = "[No Variations]"
Add component (AddParameter): Name = "Supplier"; Value = "Mouser"; VariantName = "[No Variations]"
Add component (AddParameter): Name = "Value"; Value = "806"; VariantName = "[No Variations]"
Added Component: Designator=R12(RESC1608X50N)
Add component (AddParameter): Name = "Check_prices"; Value = "https://www.snapeda.com/parts/RR0816P-2492-D-39C/Susumu/view-part/?ref=eda"; VariantName = "[No Variations]"
Add component (AddParameter): Name = "MF"; Value = "Susumu"; VariantName = "[No Variations]"
Add component (AddParameter): Name = "MP"; Value = "RR0816P-2492-D-39C"; VariantName = "[No Variations]"
Add component (AddParameter): Name = "MPN"; Value = "RR0816P-2492-D-39C"; VariantName = "[No Variations]"
Add component (AddParameter): Name = "Package"; Value = "1608 Susumu"; VariantName = "[No Variations]"
Add component (AddParameter): Name = "PCBA"; Value = "Assembly"; VariantName = "[No Variations]"
Add component (AddParameter): Name = "SnapEDA_Link"; Value = "https://www.snapeda.com/parts/RR0816P-2492-D-39C/Susumu/view-part/?ref=snap"; VariantName = "[No Variations]"
Add component (AddParameter): Name = "Supplier"; Value = "Mouser"; VariantName = "[No Variations]"
Add component (AddParameter): Name = "Value"; Value = "24.9K"; VariantName = "[No Variations]"
Added Component: Designator=R13(RESC1608X60N)
Add component (AddParameter): Name = "Arrow Part Number"; Value = ""; VariantName = "[No Variations]"
Add component (AddParameter): Name = "Arrow Price/Stock"; Value = ""; VariantName = "[No Variations]"
Add component (AddParameter): Name = "Datasheet Link"; Value = ""; VariantName = "[No Variations]"
Add component (AddParameter): Name = "Manufacturer_Name"; Value = "Susumu"; VariantName = "[No Variations]"
Add component (AddParameter): Name = "Manufacturer_Part_Number"; Value = "RR0816P-331-D"; VariantName = "[No Variations]"
Add component (AddParameter): Name = "Mouser Part Number"; Value = "754-RR0816P-331D"; VariantName = "[No Variations]"
Add component (AddParameter): Name = "Mouser Price/Stock"; Value = "https://www.mouser.com/Search/Refine.aspx?Keyword=754-RR0816P-331D"; VariantName = "[No Variations]"
Add component (AddParameter): Name = "MPN"; Value = "RR0816P-331-D"; VariantName = "[No Variations]"
Add component (AddParameter): Name = "PCBA"; Value = "Assembly"; VariantName = "[No Variations]"
Add component (AddParameter): Name = "Supplier"; Value = "Mouser"; VariantName = "[No Variations]"
Add component (AddParameter): Name = "Value"; Value = "330"; VariantName = "[No Variations]"
Added Component: Designator=R14(RESC1608X60N)
Add component (AddParameter): Name = "Arrow Part Number"; Value = "RR0816P-103-D"; VariantName = "[No Variations]"
Add component (AddParameter): Name = "Arrow Price/Stock"; Value = "https://www.arrow.com/en/products/rr0816p-103-d/susumu"; VariantName = "[No Variations]"
Add component (AddParameter): Name = "Datasheet Link"; Value = "http://componentsearchengine.com/Datasheets/1/RR0816P-103-D.pdf"; VariantName = "[No Variations]"
Add component (AddParameter): Name = "Manufacturer_Name"; Value = "Susumu"; VariantName = "[No Variations]"
Add component (AddParameter): Name = "Manufacturer_Part_Number"; Value = "RR0816P-103-D"; VariantName = "[No Variations]"
Add component (AddParameter): Name = "Mouser Part Number"; Value = "754-RR0816P-103D"; VariantName = "[No Variations]"
Add component (AddParameter): Name = "Mouser Price/Stock"; Value = "https://www.mouser.co.uk/ProductDetail/Susumu/RR0816P-103-D?qs=nCAm%252BcMdy9zJFUifGf2vtQ%3D%3D"; VariantName = "[No Variations]"
Add component (AddParameter): Name = "MPN"; Value = "RR0816P-103-D"; VariantName = "[No Variations]"
Add component (AddParameter): Name = "PCBA"; Value = "Assembly"; VariantName = "[No Variations]"
Add component (AddParameter): Name = "Supplier"; Value = "Mouser"; VariantName = "[No Variations]"
Add component (AddParameter): Name = "Value"; Value = "10K"; VariantName = "[No Variations]"
Added Component: Designator=R15(RESC1608X50N)
Add component (AddParameter): Name = "Check_prices"; Value = "https://www.snapeda.com/parts/RR0816P-751-D/Susumu/view-part/?ref=eda"; VariantName = "[No Variations]"
Add component (AddParameter): Name = "MF"; Value = "Susumu"; VariantName = "[No Variations]"
Add component (AddParameter): Name = "MP"; Value = "RR0816P-751-D"; VariantName = "[No Variations]"
Add component (AddParameter): Name = "MPN"; Value = "RR0816P-751-D"; VariantName = "[No Variations]"
Add component (AddParameter): Name = "Package"; Value = "1608 Susumu"; VariantName = "[No Variations]"
Add component (AddParameter): Name = "PCBA"; Value = "Assembly"; VariantName = "[No Variations]"
Add component (AddParameter): Name = "SnapEDA_Link"; Value = "https://www.snapeda.com/parts/RR0816P-751-D/Susumu/view-part/?ref=snap"; VariantName = "[No Variations]"
Add component (AddParameter): Name = "Supplier"; Value = "Mouser"; VariantName = "[No Variations]"
Add component (AddParameter): Name = "Value"; Value = "750"; VariantName = "[No Variations]"
Added Component: Designator=R16(RESC1608X60N)
Add component (AddParameter): Name = "Arrow Part Number"; Value = "RR0816P-103-D"; VariantName = "[No Variations]"
Add component (AddParameter): Name = "Arrow Price/Stock"; Value = "https://www.arrow.com/en/products/rr0816p-103-d/susumu"; VariantName = "[No Variations]"
Add component (AddParameter): Name = "Datasheet Link"; Value = "http://componentsearchengine.com/Datasheets/1/RR0816P-103-D.pdf"; VariantName = "[No Variations]"
Add component (AddParameter): Name = "Manufacturer_Name"; Value = "Susumu"; VariantName = "[No Variations]"
Add component (AddParameter): Name = "Manufacturer_Part_Number"; Value = "RR0816P-103-D"; VariantName = "[No Variations]"
Add component (AddParameter): Name = "Mouser Part Number"; Value = "754-RR0816P-103D"; VariantName = "[No Variations]"
Add component (AddParameter): Name = "Mouser Price/Stock"; Value = "https://www.mouser.co.uk/ProductDetail/Susumu/RR0816P-103-D?qs=nCAm%252BcMdy9zJFUifGf2vtQ%3D%3D"; VariantName = "[No Variations]"
Add component (AddParameter): Name = "MPN"; Value = "RR0816P-103-D"; VariantName = "[No Variations]"
Add component (AddParameter): Name = "PCBA"; Value = "Assembly"; VariantName = "[No Variations]"
Add component (AddParameter): Name = "Supplier"; Value = "Mouser"; VariantName = "[No Variations]"
Add component (AddParameter): Name = "Value"; Value = "10K"; VariantName = "[No Variations]"
Added Component: Designator=R17(RESC1608X60N)
Add component (AddParameter): Name = "Arrow Part Number"; Value = ""; VariantName = "[No Variations]"
Add component (AddParameter): Name = "Arrow Price/Stock"; Value = ""; VariantName = "[No Variations]"
Add component (AddParameter): Name = "Datasheet Link"; Value = "http://componentsearchengine.com/Datasheets/1/RR0816P-512-D.pdf"; VariantName = "[No Variations]"
Add component (AddParameter): Name = "Manufacturer_Name"; Value = "Susumu"; VariantName = "[No Variations]"
Add component (AddParameter): Name = "Manufacturer_Part_Number"; Value = "RR0816P-512-D"; VariantName = "[No Variations]"
Add component (AddParameter): Name = "Mouser Part Number"; Value = "754-RR0816P-512D"; VariantName = "[No Variations]"
Add component (AddParameter): Name = "Mouser Price/Stock"; Value = "https://www.mouser.co.uk/ProductDetail/Susumu/RR0816P-512-D?qs=nCAm%252BcMdy9ypjTUx7cPUNg%3D%3D"; VariantName = "[No Variations]"
Add component (AddParameter): Name = "MPN"; Value = "RR0816P-512-D"; VariantName = "[No Variations]"
Add component (AddParameter): Name = "PCBA"; Value = "Assembly"; VariantName = "[No Variations]"
Add component (AddParameter): Name = "Supplier"; Value = "Mouser"; VariantName = "[No Variations]"
Add component (AddParameter): Name = "Value"; Value = "5.1K"; VariantName = "[No Variations]"
Added Component: Designator=R18(RESC1608X60N)
Add component (AddParameter): Name = "Arrow Part Number"; Value = ""; VariantName = "[No Variations]"
Add component (AddParameter): Name = "Arrow Price/Stock"; Value = ""; VariantName = "[No Variations]"
Add component (AddParameter): Name = "Datasheet Link"; Value = "http://componentsearchengine.com/Datasheets/1/RR0816P-512-D.pdf"; VariantName = "[No Variations]"
Add component (AddParameter): Name = "Manufacturer_Name"; Value = "Susumu"; VariantName = "[No Variations]"
Add component (AddParameter): Name = "Manufacturer_Part_Number"; Value = "RR0816P-512-D"; VariantName = "[No Variations]"
Add component (AddParameter): Name = "Mouser Part Number"; Value = "754-RR0816P-512D"; VariantName = "[No Variations]"
Add component (AddParameter): Name = "Mouser Price/Stock"; Value = "https://www.mouser.co.uk/ProductDetail/Susumu/RR0816P-512-D?qs=nCAm%252BcMdy9ypjTUx7cPUNg%3D%3D"; VariantName = "[No Variations]"
Add component (AddParameter): Name = "MPN"; Value = "RR0816P-512-D"; VariantName = "[No Variations]"
Add component (AddParameter): Name = "PCBA"; Value = "Assembly"; VariantName = "[No Variations]"
Add component (AddParameter): Name = "Supplier"; Value = "Mouser"; VariantName = "[No Variations]"
Add component (AddParameter): Name = "Value"; Value = "5.1K"; VariantName = "[No Variations]"
Added Component: Designator=S1(SLW9135352ARAD)
Add component (AddParameter): Name = "Arrow Part Number"; Value = "SLW-913535-2A-RA-D"; VariantName = "[No Variations]"
Add component (AddParameter): Name = "MPN"; Value = "SLW-913535-2A-RA-D"; VariantName = "[No Variations]"
Add component (AddParameter): Name = "PCBA"; Value = "Assembly"; VariantName = "[No Variations]"
Add component (AddParameter): Name = "Supplier"; Value = "Mouser"; VariantName = "[No Variations]"
Add component (AddParameter): Name = "Value"; Value = "SLW-913535-2A-RA-D"; VariantName = "[No Variations]"
Added Pin To Net: NetName=+3.3V Pin=C1-1
Added Pin To Net: NetName=+3.3V Pin=C2-1
Added Pin To Net: NetName=+3.3V Pin=C3-1
Added Pin To Net: NetName=+3.3V Pin=C4-1
Added Pin To Net: NetName=+3.3V Pin=C5-1
Added Pin To Net: NetName=+3.3V Pin=C6-1
Added Pin To Net: NetName=+3.3V Pin=C7-1
Added Pin To Net: NetName=+3.3V Pin=C8-1
Added Pin To Net: NetName=+3.3V Pin=C9-2
Added Pin To Net: NetName=+3.3V Pin=C10-2
Added Pin To Net: NetName=+3.3V Pin=C16-2
Added Pin To Net: NetName=+3.3V Pin=C17-2
Added Pin To Net: NetName=+3.3V Pin=C24-1
Added Pin To Net: NetName=+3.3V Pin=C25-1
Added Pin To Net: NetName=+3.3V Pin=IC1-5
Added Pin To Net: NetName=+3.3V Pin=IC2-5
Added Pin To Net: NetName=+3.3V Pin=IC3-5
Added Pin To Net: NetName=+3.3V Pin=IC4-4
Added Pin To Net: NetName=+3.3V Pin=IC4-5
Added Pin To Net: NetName=+3.3V Pin=IC5-5
Added Pin To Net: NetName=+3.3V Pin=IC7-3
Added Pin To Net: NetName=+3.3V Pin=IC9-8
Added Pin To Net: NetName=+3.3V Pin=R1-1
Added Pin To Net: NetName=+3.3V Pin=R2-1
Added Pin To Net: NetName=+3.3V Pin=R3-1
Added Pin To Net: NetName=+3.3V Pin=R4-1
Added Pin To Net: NetName=+3.3V Pin=R6-2
Added Pin To Net: NetName=+3.3V Pin=R7-2
Added Pin To Net: NetName=+3.3V Pin=R8-2
Added Net: Name=+3.3V
Added Pin To Net: NetName=+5V Pin=IC8-4
Added Pin To Net: NetName=+5V Pin=R9-1
Added Net: Name=+5V
Added Pin To Net: NetName=GND Pin=BT1-3
Added Pin To Net: NetName=GND Pin=C1-2
Added Pin To Net: NetName=GND Pin=C2-2
Added Pin To Net: NetName=GND Pin=C3-2
Added Pin To Net: NetName=GND Pin=C4-2
Added Pin To Net: NetName=GND Pin=C5-2
Added Pin To Net: NetName=GND Pin=C6-2
Added Pin To Net: NetName=GND Pin=C7-2
Added Pin To Net: NetName=GND Pin=C8-2
Added Pin To Net: NetName=GND Pin=C9-1
Added Pin To Net: NetName=GND Pin=C10-1
Added Pin To Net: NetName=GND Pin=C11-2
Added Pin To Net: NetName=GND Pin=C12-1
Added Pin To Net: NetName=GND Pin=C13-1
Added Pin To Net: NetName=GND Pin=C14-1
Added Pin To Net: NetName=GND Pin=C15-1
Added Pin To Net: NetName=GND Pin=C16-1
Added Pin To Net: NetName=GND Pin=C17-1
Added Pin To Net: NetName=GND Pin=C19-1
Added Pin To Net: NetName=GND Pin=C22-1
Added Pin To Net: NetName=GND Pin=C23-2
Added Pin To Net: NetName=GND Pin=C24-2
Added Pin To Net: NetName=GND Pin=C25-2
Added Pin To Net: NetName=GND Pin=IC1-2
Added Pin To Net: NetName=GND Pin=IC1-4
Added Pin To Net: NetName=GND Pin=IC2-2
Added Pin To Net: NetName=GND Pin=IC3-2
Added Pin To Net: NetName=GND Pin=IC4-2
Added Pin To Net: NetName=GND Pin=IC5-2
Added Pin To Net: NetName=GND Pin=IC6-2
Added Pin To Net: NetName=GND Pin=IC7-1
Added Pin To Net: NetName=GND Pin=IC7-2
Added Pin To Net: NetName=GND Pin=IC7-11
Added Pin To Net: NetName=GND Pin=IC7-14
Added Pin To Net: NetName=GND Pin=IC7-36
Added Pin To Net: NetName=GND Pin=IC7-37
Added Pin To Net: NetName=GND Pin=IC7-38
Added Pin To Net: NetName=GND Pin=IC7-39
Added Pin To Net: NetName=GND Pin=IC7-40
Added Pin To Net: NetName=GND Pin=IC7-41
Added Pin To Net: NetName=GND Pin=IC7-42
Added Pin To Net: NetName=GND Pin=IC7-43
Added Pin To Net: NetName=GND Pin=IC7-44
Added Pin To Net: NetName=GND Pin=IC7-45
Added Pin To Net: NetName=GND Pin=IC7-46
Added Pin To Net: NetName=GND Pin=IC7-47
Added Pin To Net: NetName=GND Pin=IC7-48
Added Pin To Net: NetName=GND Pin=IC7-49
Added Pin To Net: NetName=GND Pin=IC7-50
Added Pin To Net: NetName=GND Pin=IC7-51
Added Pin To Net: NetName=GND Pin=IC7-52
Added Pin To Net: NetName=GND Pin=IC7-53
Added Pin To Net: NetName=GND Pin=IC7-54
Added Pin To Net: NetName=GND Pin=IC7-55
Added Pin To Net: NetName=GND Pin=IC7-56
Added Pin To Net: NetName=GND Pin=IC7-57
Added Pin To Net: NetName=GND Pin=IC7-58
Added Pin To Net: NetName=GND Pin=IC7-59
Added Pin To Net: NetName=GND Pin=IC7-60
Added Pin To Net: NetName=GND Pin=IC7-61
Added Pin To Net: NetName=GND Pin=IC8-2
Added Pin To Net: NetName=GND Pin=IC9-4
Added Pin To Net: NetName=GND Pin=LED2-1
Added Pin To Net: NetName=GND Pin=LED3-1
Added Pin To Net: NetName=GND Pin=LED4-1
Added Pin To Net: NetName=GND Pin=R12-1
Added Pin To Net: NetName=GND Pin=R16-1
Added Pin To Net: NetName=GND Pin=R17-1
Added Pin To Net: NetName=GND Pin=R18-1
Added Net: Name=GND
Added Pin To Net: NetName=NetA1_1 Pin=IC9-2
Added Net: Name=NetA1_1
Added Pin To Net: NetName=NetA1_2 Pin=IC9-3
Added Net: Name=NetA1_2
Added Pin To Net: NetName=NetBT1_1 Pin=BT1-1
Added Pin To Net: NetName=NetBT1_1 Pin=IC8-3
Added Pin To Net: NetName=NetBT1_1 Pin=Q1-3
Added Pin To Net: NetName=NetBT1_1 Pin=S1-2
Added Net: Name=NetBT1_1
Added Pin To Net: NetName=NetC11_1 Pin=C11-1
Added Pin To Net: NetName=NetC11_1 Pin=IC6-4
Added Net: Name=NetC11_1
Added Pin To Net: NetName=NetC12_2 Pin=C12-2
Added Pin To Net: NetName=NetC12_2 Pin=C13-2
Added Pin To Net: NetName=NetC12_2 Pin=IC6-1
Added Pin To Net: NetName=NetC12_2 Pin=IC6-3
Added Pin To Net: NetName=NetC12_2 Pin=S1-3
Added Net: Name=NetC12_2
Added Pin To Net: NetName=NetC14_2 Pin=C14-2
Added Pin To Net: NetName=NetC14_2 Pin=C15-2
Added Pin To Net: NetName=NetC14_2 Pin=IC6-5
Added Net: Name=NetC14_2
Added Pin To Net: NetName=NetC19_2 Pin=C19-2
Added Pin To Net: NetName=NetC19_2 Pin=IC7-8
Added Pin To Net: NetName=NetC19_2 Pin=R7-1
Added Net: Name=NetC19_2
Added Pin To Net: NetName=NetC22_2 Pin=C22-2
Added Pin To Net: NetName=NetC22_2 Pin=IC7-26
Added Net: Name=NetC22_2
Added Pin To Net: NetName=NetC23_1 Pin=C23-1
Added Pin To Net: NetName=NetC23_1 Pin=IC7-27
Added Net: Name=NetC23_1
Added Pin To Net: NetName=NetIC1_1 Pin=IC1-1
Added Pin To Net: NetName=NetIC1_1 Pin=IC2-1
Added Pin To Net: NetName=NetIC1_1 Pin=IC2-4
Added Pin To Net: NetName=NetIC1_1 Pin=IC3-1
Added Pin To Net: NetName=NetIC1_1 Pin=IC4-1
Added Pin To Net: NetName=NetIC1_1 Pin=IC5-6
Added Pin To Net: NetName=NetIC1_1 Pin=IC7-5
Added Pin To Net: NetName=NetIC1_1 Pin=IC9-6
Added Pin To Net: NetName=NetIC1_1 Pin=R6-1
Added Net: Name=NetIC1_1
Added Pin To Net: NetName=NetIC1_3 Pin=IC1-3
Added Pin To Net: NetName=NetIC1_3 Pin=IC7-20
Added Pin To Net: NetName=NetIC1_3 Pin=R1-2
Added Net: Name=NetIC1_3
Added Pin To Net: NetName=NetIC1_6 Pin=IC1-6
Added Pin To Net: NetName=NetIC1_6 Pin=IC2-6
Added Pin To Net: NetName=NetIC1_6 Pin=IC3-4
Added Pin To Net: NetName=NetIC1_6 Pin=IC3-6
Added Pin To Net: NetName=NetIC1_6 Pin=IC4-6
Added Pin To Net: NetName=NetIC1_6 Pin=IC5-1
Added Pin To Net: NetName=NetIC1_6 Pin=IC7-6
Added Pin To Net: NetName=NetIC1_6 Pin=IC9-5
Added Pin To Net: NetName=NetIC1_6 Pin=R8-1
Added Net: Name=NetIC1_6
Added Pin To Net: NetName=NetIC2_3 Pin=IC2-3
Added Pin To Net: NetName=NetIC2_3 Pin=IC7-22
Added Pin To Net: NetName=NetIC2_3 Pin=R2-2
Added Net: Name=NetIC2_3
Added Pin To Net: NetName=NetIC3_3 Pin=IC3-3
Added Pin To Net: NetName=NetIC3_3 Pin=IC7-23
Added Pin To Net: NetName=NetIC3_3 Pin=R3-2
Added Net: Name=NetIC3_3
Added Pin To Net: NetName=NetIC4_3 Pin=IC4-3
Added Pin To Net: NetName=NetIC4_3 Pin=IC7-21
Added Pin To Net: NetName=NetIC4_3 Pin=R4-2
Added Net: Name=NetIC4_3
Added Pin To Net: NetName=NetIC7_12 Pin=IC7-12
Added Pin To Net: NetName=NetIC7_12 Pin=R10-2
Added Net: Name=NetIC7_12
Added Pin To Net: NetName=NetIC7_13 Pin=IC7-13
Added Pin To Net: NetName=NetIC7_13 Pin=R11-2
Added Net: Name=NetIC7_13
Added Pin To Net: NetName=NetIC7_16 Pin=IC7-16
Added Pin To Net: NetName=NetIC7_16 Pin=R13-1
Added Net: Name=NetIC7_16
Added Pin To Net: NetName=NetIC7_18 Pin=IC7-18
Added Pin To Net: NetName=NetIC7_18 Pin=R14-1
Added Pin To Net: NetName=NetIC7_18 Pin=R16-2
Added Net: Name=NetIC7_18
Added Pin To Net: NetName=NetIC7_19 Pin=IC7-19
Added Pin To Net: NetName=NetIC7_19 Pin=R15-2
Added Net: Name=NetIC7_19
Added Pin To Net: NetName=NetIC8_1 Pin=IC8-1
Added Pin To Net: NetName=NetIC8_1 Pin=LED1-1
Added Net: Name=NetIC8_1
Added Pin To Net: NetName=NetIC8_5 Pin=IC8-5
Added Pin To Net: NetName=NetIC8_5 Pin=R12-2
Added Net: Name=NetIC8_5
Added Pin To Net: NetName=NetIC9_1 Pin=IC9-1
Added Net: Name=NetIC9_1
Added Pin To Net: NetName=NetJ1_A5 Pin=R17-2
Added Net: Name=NetJ1_A5
Added Pin To Net: NetName=NetJ1_B5 Pin=R18-2
Added Net: Name=NetJ1_B5
Added Pin To Net: NetName=NetLED1_2 Pin=LED1-2
Added Pin To Net: NetName=NetLED1_2 Pin=R9-2
Added Net: Name=NetLED1_2
Added Pin To Net: NetName=NetLED2_2 Pin=LED2-2
Added Pin To Net: NetName=NetLED2_2 Pin=R10-1
Added Net: Name=NetLED2_2
Added Pin To Net: NetName=NetLED3_2 Pin=LED3-2
Added Pin To Net: NetName=NetLED3_2 Pin=R11-1
Added Net: Name=NetLED3_2
Added Pin To Net: NetName=NetLED4_2 Pin=LED4-2
Added Pin To Net: NetName=NetLED4_2 Pin=R15-1
Added Net: Name=NetLED4_2
Added Pin To Net: NetName=NetQ1_1 Pin=Q1-1
Added Pin To Net: NetName=NetQ1_1 Pin=R13-2
Added Net: Name=NetQ1_1
Added Pin To Net: NetName=NetQ1_2 Pin=Q1-2
Added Pin To Net: NetName=NetQ1_2 Pin=R14-2
Added Net: Name=NetQ1_2
Added Class: Name=modulo_temperaturaUmidade
