Change Value of Parameter MPN in Part A1 Old= New=
Change Value of Parameter MPN in Part BT1 Old= New=
Change Value of Parameter MPN in Part C1 Old= New=100n
Change Value of Parameter MPN in Part C2 Old= New=10n
Change Value of Parameter MPN in Part C3 Old= New=100n
Change Value of Parameter MPN in Part C4 Old= New=10n
Change Value of Parameter MPN in Part C5 Old= New=100n
Change Value of Parameter MPN in Part C6 Old= New=10n
Change Value of Parameter MPN in Part C7 Old= New=100n
Change Value of Parameter MPN in Part C8 Old= New=10n
Change Value of Parameter MPN in Part C9 Old= New=10n
Change Value of Parameter MPN in Part C10 Old= New=100n
Change Value of Parameter MPN in Part C11 Old= New=1µ
Change Value of Parameter MPN in Part C12 Old= New=100n
Change Value of Parameter MPN in Part C13 Old= New=10n
Change Value of Parameter MPN in Part C14 Old= New=100n
Change Value of Parameter MPN in Part C15 Old= New=1µ
Change Value of Parameter MPN in Part C16 Old= New=10n
Change Value of Parameter MPN in Part C17 Old= New=100n
Change Value of Parameter MPN in Part C18 Old= New=1µ
Change Value of Parameter MPN in Part C19 Old= New=4.7µ
Change Value of Parameter MPN in Part C20 Old= New=4.7µ
Change Value of Parameter MPN in Part C21 Old= New=4.7µ
Change Value of Parameter MPN in Part C22 Old= New=25p
Change Value of Parameter MPN in Part C23 Old= New=25p
Change Value of Parameter MPN in Part C24 Old= New=10n
Change Value of Parameter MPN in Part C25 Old= New=100n
Change Value of Parameter MPN in Part D1 Old= New=
Change Value of Parameter MPN in Part D2 Old= New=
Change Value of Parameter MPN in Part D3 Old= New=
Change Value of Parameter MPN in Part D4 Old= New=
Change Value of Parameter MPN in Part IC1 Old= New=
Change Value of Parameter MPN in Part IC2 Old= New=
Change Value of Parameter MPN in Part IC3 Old= New=
Change Value of Parameter MPN in Part IC4 Old= New=
Change Value of Parameter MPN in Part IC5 Old= New=
Change Value of Parameter MPN in Part IC6 Old= New=
Change Value of Parameter MPN in Part IC7 Old= New=
Change Value of Parameter MPN in Part IC8 Old= New=
Change Value of Parameter MPN in Part IC9 Old= New=
Change Value of Parameter MPN in Part J1 Old= New=
Change Value of Parameter MPN in Part Q1 Old= New=
Change Value of Parameter MPN in Part R1 Old= New=5K
Change Value of Parameter MPN in Part R2 Old= New=5K
Change Value of Parameter MPN in Part R3 Old= New=5K
Change Value of Parameter MPN in Part R4 Old= New=0
Change Value of Parameter MPN in Part R5 Old= New=5K
Change Value of Parameter MPN in Part R6 Old= New=5K
Change Value of Parameter MPN in Part R7 Old= New=10K
Change Value of Parameter MPN in Part R8 Old= New=5K
Change Value of Parameter MPN in Part R9 Old= New=33
Change Value of Parameter MPN in Part R10 Old= New=110
Change Value of Parameter MPN in Part R11 Old= New=470
Change Value of Parameter MPN in Part R12 Old= New=330
Change Value of Parameter MPN in Part R13 Old= New=7.8K
Change Value of Parameter MPN in Part R14 Old= New=25K
Change Value of Parameter MPN in Part R15 Old= New=10K
Change Value of Parameter MPN in Part R16 Old= New=130
Change Value of Parameter MPN in Part R17 Old= New=5.1K
Change Value of Parameter MPN in Part R18 Old= New=5.1K
Change Value of Parameter MPN in Part R19 Old= New=0
Change Value of Parameter PCBA in Part R19 Old=Assembly New=DNA
Change Value of Parameter MPN in Part S1 Old= New=
