Change Value of Parameter PCBA in Part R5 Old=Assembly New=
Change Value of Parameter Supplier in Part R5 Old=Mouser New=
Added Parameter MPN=C0603C103K4RECTU to Part C2
Added Parameter MPN=C0603C103K4RECTU to Part C4
Added Parameter MPN=C0603C103K4RECTU to Part C6
Added Parameter MPN=C0603C103K4RECTU to Part C8
Added Parameter MPN=C0603C103K4RECTU to Part C10
Added Parameter MPN=C0603C103K4RECTU to Part C11
Added Parameter MPN=C0603C103K4RECTU to Part C16
Added Parameter MPN=C0603C103K4RECTU to Part C24
Added Parameter MPN=C0603C104K4RACTU to Part C1
Added Parameter MPN=C0603C104K4RACTU to Part C3
Added Parameter MPN=C0603C104K4RACTU to Part C5
Added Parameter MPN=C0603C104K4RACTU to Part C7
Added Parameter MPN=C0603C104K4RACTU to Part C9
Added Parameter MPN=C0603C104K4RACTU to Part C12
Added Parameter MPN=C0603C104K4RACTU to Part C14
Added Parameter MPN=C0603C104K4RACTU to Part C17
Added Parameter MPN=C0603C104K4RACTU to Part C25
Added Parameter MPN=CC0603JRNPO9BN250 to Part C22
Added Parameter MPN=CC0603JRNPO9BN250 to Part C23
Added Parameter MPN=CL10B105KO8NNNC to Part C13
Added Parameter MPN=CL10B105KO8NNNC to Part C15
Added Parameter MPN=CL10B105KO8NNNC to Part C19
Added Parameter MPN=CSL1001BT1C to Part LED2
Added Parameter MPN=LG L29K-F2J1-24 to Part LED3
Added Parameter MPN=LS L29K-G1H2-1 to Part LED4
Added Parameter MPN=LY L29K-H1K2-26 to Part LED1
Added Parameter MPN=RR0816P-103-D to Part R7
Added Parameter MPN=RR0816P-103-D to Part R14
Added Parameter MPN=RR0816P-103-D to Part R16
Added Parameter MPN=RR0816P-162-D to Part R9
Added Parameter MPN=RR0816P-331-D to Part R13
Added Parameter MPN=RR0816P-512-D to Part R1
Added Parameter MPN=RR0816P-512-D to Part R2
Added Parameter MPN=RR0816P-512-D to Part R3
Added Parameter MPN=RR0816P-512-D to Part R4
Added Parameter MPN=RR0816P-512-D to Part R6
Added Parameter MPN=RR0816P-512-D to Part R8
Added Parameter MPN=RR0816P-512-D to Part R17
Added Parameter MPN=RR0816P-512-D to Part R18
Added Parameter MPN=RR0816P-751-D to Part R15
Added Parameter MPN=RR0816P-2490-D-39A to Part R10
Added Parameter MPN=RR0816P-2492-D-39C to Part R12
Added Parameter MPN=RR0816P-8060-D-88A to Part R11
Added Parameter PCBA=Assembly to Part C1
Added Parameter PCBA=Assembly to Part C2
Added Parameter PCBA=Assembly to Part C3
Added Parameter PCBA=Assembly to Part C4
Added Parameter PCBA=Assembly to Part C5
Added Parameter PCBA=Assembly to Part C6
Added Parameter PCBA=Assembly to Part C7
Added Parameter PCBA=Assembly to Part C8
Added Parameter PCBA=Assembly to Part C9
Added Parameter PCBA=Assembly to Part C10
Added Parameter PCBA=Assembly to Part C11
Added Parameter PCBA=Assembly to Part C12
Added Parameter PCBA=Assembly to Part C13
Added Parameter PCBA=Assembly to Part C14
Added Parameter PCBA=Assembly to Part C15
Added Parameter PCBA=Assembly to Part C16
Added Parameter PCBA=Assembly to Part C17
Added Parameter PCBA=Assembly to Part C19
Added Parameter PCBA=Assembly to Part C22
Added Parameter PCBA=Assembly to Part C23
Added Parameter PCBA=Assembly to Part C24
Added Parameter PCBA=Assembly to Part C25
Added Parameter PCBA=Assembly to Part LED1
Added Parameter PCBA=Assembly to Part LED2
Added Parameter PCBA=Assembly to Part LED3
Added Parameter PCBA=Assembly to Part LED4
Added Parameter PCBA=Assembly to Part R1
Added Parameter PCBA=Assembly to Part R2
Added Parameter PCBA=Assembly to Part R3
Added Parameter PCBA=Assembly to Part R4
Added Parameter PCBA=Assembly to Part R6
Added Parameter PCBA=Assembly to Part R7
Added Parameter PCBA=Assembly to Part R8
Added Parameter PCBA=Assembly to Part R9
Added Parameter PCBA=Assembly to Part R10
Added Parameter PCBA=Assembly to Part R11
Added Parameter PCBA=Assembly to Part R12
Added Parameter PCBA=Assembly to Part R13
Added Parameter PCBA=Assembly to Part R14
Added Parameter PCBA=Assembly to Part R15
Added Parameter PCBA=Assembly to Part R16
Added Parameter PCBA=Assembly to Part R17
Added Parameter PCBA=Assembly to Part R18
Added Parameter Supplier=Mouser to Part C1
Added Parameter Supplier=Mouser to Part C2
Added Parameter Supplier=Mouser to Part C3
Added Parameter Supplier=Mouser to Part C4
Added Parameter Supplier=Mouser to Part C5
Added Parameter Supplier=Mouser to Part C6
Added Parameter Supplier=Mouser to Part C7
Added Parameter Supplier=Mouser to Part C8
Added Parameter Supplier=Mouser to Part C9
Added Parameter Supplier=Mouser to Part C10
Added Parameter Supplier=Mouser to Part C11
Added Parameter Supplier=Mouser to Part C12
Added Parameter Supplier=Mouser to Part C13
Added Parameter Supplier=Mouser to Part C14
Added Parameter Supplier=Mouser to Part C15
Added Parameter Supplier=Mouser to Part C16
Added Parameter Supplier=Mouser to Part C17
Added Parameter Supplier=Mouser to Part C19
Added Parameter Supplier=Mouser to Part C22
Added Parameter Supplier=Mouser to Part C23
Added Parameter Supplier=Mouser to Part C24
Added Parameter Supplier=Mouser to Part C25
Added Parameter Supplier=Mouser to Part LED1
Added Parameter Supplier=Mouser to Part LED2
Added Parameter Supplier=Mouser to Part LED3
Added Parameter Supplier=Mouser to Part LED4
Added Parameter Supplier=Mouser to Part R1
Added Parameter Supplier=Mouser to Part R2
Added Parameter Supplier=Mouser to Part R3
Added Parameter Supplier=Mouser to Part R4
Added Parameter Supplier=Mouser to Part R6
Added Parameter Supplier=Mouser to Part R7
Added Parameter Supplier=Mouser to Part R8
Added Parameter Supplier=Mouser to Part R9
Added Parameter Supplier=Mouser to Part R10
Added Parameter Supplier=Mouser to Part R11
Added Parameter Supplier=Mouser to Part R12
Added Parameter Supplier=Mouser to Part R13
Added Parameter Supplier=Mouser to Part R14
Added Parameter Supplier=Mouser to Part R15
Added Parameter Supplier=Mouser to Part R16
Added Parameter Supplier=Mouser to Part R17
Added Parameter Supplier=Mouser to Part R18
Added Parameter Value=CSL1001BT1C to Part LED2
Added Parameter Value=LG L29K-F2J1-24 to Part LED3
Added Parameter Value=LS L29K-G1H2-1 to Part LED4
Added Parameter Value=LY L29K-H1K2-26 to Part LED1
