Removed Parameter AF:1 from Part D1
Removed Parameter AF:1 from Part D2
Removed Parameter AF:1 from Part D3
Removed Parameter AF:1 from Part D4
Removed Parameter Area Factor: from Part D1
Removed Parameter Area Factor: from Part D2
Removed Parameter Area Factor: from Part D3
Removed Parameter Area Factor: from Part D4
Removed Parameter Arrow Price/Stock: from Part IC7
Removed Parameter Arrow Price/Stock:https://www.arrow.com/en/products/bat-hld-001/te-connectivity?region=nac from Part BT1
Removed Parameter Arrow Price/Stock:https://www.arrow.com/en/products/hdc1080dmbr/texas-instruments?region=nac from Part IC1
Removed Parameter Arrow Price/Stock:https://www.arrow.com/en/products/mcp73831t-2aciot/microchip-technology?utm_currency=USD&region=nac from Part IC8
Removed Parameter Arrow Price/Stock:https://www.arrow.com/en/products/slw-913535-2a-ra-d/cui-devices?region=nac from Part S1
Removed Parameter Arrow Price/Stock:https://www.arrow.com/en/products/sq2364ees-t1-ge3/vishay?utm_currency=USD&region=nac from Part Q1
Removed Parameter Arrow Price/Stock:https://www.arrow.com/en/products/st25dv04k-ier6s3/stmicroelectronics?utm_currency=USD&region=europe from Part IC9
Removed Parameter Arrow Price/Stock:https://www.arrow.com/en/products/tmp112aidrlr/texas-instruments?region=nac from Part IC2
Removed Parameter Arrow Price/Stock:https://www.arrow.com/en/products/tmp112aidrlr/texas-instruments?region=nac from Part IC3
Removed Parameter Arrow Price/Stock:https://www.arrow.com/en/products/tmp112aidrlr/texas-instruments?region=nac from Part IC4
Removed Parameter Arrow Price/Stock:https://www.arrow.com/en/products/tmp112aidrlr/texas-instruments?region=nac from Part IC6
Removed Parameter Arrow Price/Stock:https://www.arrow.com/en/products/tps71733dckr/texas-instruments?region=nac from Part IC5
Removed Parameter Availability:Unavailable from Part J1
Removed Parameter BV:0 from Part D1
Removed Parameter BV:0 from Part D2
Removed Parameter BV:0 from Part D3
Removed Parameter BV:0 from Part D4
Removed Parameter BV_MAX:1e99 from Part D1
Removed Parameter BV_MAX:1e99 from Part D2
Removed Parameter BV_MAX:1e99 from Part D3
Removed Parameter BV_MAX:1e99 from Part D4
Removed Parameter CJO:0 from Part D1
Removed Parameter CJO:0 from Part D2
Removed Parameter CJO:0 from Part D3
Removed Parameter CJO:0 from Part D4
Removed Parameter CJP:0 from Part D1
Removed Parameter CJP:0 from Part D2
Removed Parameter CJP:0 from Part D3
Removed Parameter CJP:0 from Part D4
Removed Parameter CPAR: from Part C1
Removed Parameter CPAR: from Part C2
Removed Parameter CPAR: from Part C3
Removed Parameter CPAR: from Part C4
Removed Parameter CPAR: from Part C5
Removed Parameter CPAR: from Part C6
Removed Parameter CPAR: from Part C7
Removed Parameter CPAR: from Part C8
Removed Parameter CPAR: from Part C9
Removed Parameter CPAR: from Part C10
Removed Parameter CPAR: from Part C11
Removed Parameter CPAR: from Part C12
Removed Parameter CPAR: from Part C13
Removed Parameter CPAR: from Part C14
Removed Parameter CPAR: from Part C15
Removed Parameter CPAR: from Part C16
Removed Parameter CPAR: from Part C17
Removed Parameter CPAR: from Part C18
Removed Parameter CPAR: from Part C19
Removed Parameter CPAR: from Part C20
Removed Parameter CPAR: from Part C21
Removed Parameter CPAR: from Part C22
Removed Parameter CPAR: from Part C23
Removed Parameter CPAR: from Part C24
Removed Parameter CPAR: from Part C25
Removed Parameter CTA:0 from Part D1
Removed Parameter CTA:0 from Part D2
Removed Parameter CTA:0 from Part D3
Removed Parameter CTA:0 from Part D4
Removed Parameter CTP:0 from Part D1
Removed Parameter CTP:0 from Part D2
Removed Parameter CTP:0 from Part D3
Removed Parameter CTP:0 from Part D4
Removed Parameter Datasheet Link:http://ww1.microchip.com/downloads/en/DeviceDoc/20001984g.pdf from Part IC8
Removed Parameter Datasheet Link:http://www.ti.com/general/docs/suppproductinfo.tsp?distId=10&gotoUrl=http%3A%2F%2Fwww.ti.com%2Flit%2Fgpn%2Ftmp112 from Part IC2
Removed Parameter Datasheet Link:http://www.ti.com/general/docs/suppproductinfo.tsp?distId=10&gotoUrl=http%3A%2F%2Fwww.ti.com%2Flit%2Fgpn%2Ftmp112 from Part IC3
Removed Parameter Datasheet Link:http://www.ti.com/general/docs/suppproductinfo.tsp?distId=10&gotoUrl=http%3A%2F%2Fwww.ti.com%2Flit%2Fgpn%2Ftmp112 from Part IC4
Removed Parameter Datasheet Link:http://www.ti.com/general/docs/suppproductinfo.tsp?distId=10&gotoUrl=http%3A%2F%2Fwww.ti.com%2Flit%2Fgpn%2Ftmp112 from Part IC6
Removed Parameter Datasheet Link:http://www.ti.com/lit/gpn/HDC1080 from Part IC1
Removed Parameter Datasheet Link:http://www.ti.com/lit/gpn/tps717 from Part IC5
Removed Parameter Datasheet Link:http://www.vishay.com/ppg?75975&quality from Part Q1
Removed Parameter Datasheet Link:https://ms.componentsearchengine.com/Datasheets/2/ST25DV04K-IER6S3.pdf from Part IC9
Removed Parameter Datasheet Link:https://www.mouser.com/datasheet/2/891/Espressif_ESP32_C3_MINI_1_Datasheet-2006822.pdf from Part IC7
Removed Parameter Datasheet Link:https://www.sameskydevices.com/product/resource/supplyframepdf/slw-913535-2a-ra-d.pdf from Part S1
Removed Parameter Datasheet Link:https://www.te.com/commerce/DocumentDelivery/DDEController?Action=showdoc&DocId=Customer+Drawing%7FC-BAT-HLD-001-xx%7FE%7Fpdf%7FEnglish%7FENG_CD_C-BAT-HLD-001-xx_E.pdf%7FBAT-HLD-001 from Part BT1
Removed Parameter DTEMP: from Part D1
Removed Parameter DTEMP: from Part D2
Removed Parameter DTEMP: from Part D3
Removed Parameter DTEMP: from Part D4
Removed Parameter DTEMP: from Part R1
Removed Parameter DTEMP: from Part R2
Removed Parameter DTEMP: from Part R3
Removed Parameter DTEMP: from Part R4
Removed Parameter DTEMP: from Part R5
Removed Parameter DTEMP: from Part R6
Removed Parameter DTEMP: from Part R7
Removed Parameter DTEMP: from Part R8
Removed Parameter DTEMP: from Part R9
Removed Parameter DTEMP: from Part R10
Removed Parameter DTEMP: from Part R11
Removed Parameter DTEMP: from Part R12
Removed Parameter DTEMP: from Part R13
Removed Parameter DTEMP: from Part R14
Removed Parameter DTEMP: from Part R15
Removed Parameter DTEMP: from Part R16
Removed Parameter DTEMP: from Part R17
Removed Parameter DTEMP: from Part R18
Removed Parameter DTEMP: from Part R19
Removed Parameter EG:1.11 from Part D1
Removed Parameter EG:1.11 from Part D2
Removed Parameter EG:1.11 from Part D3
Removed Parameter EG:1.11 from Part D4
Removed Parameter FC:0.5 from Part D1
Removed Parameter FC:0.5 from Part D2
Removed Parameter FC:0.5 from Part D3
Removed Parameter FC:0.5 from Part D4
Removed Parameter FCS:0.5 from Part D1
Removed Parameter FCS:0.5 from Part D2
Removed Parameter FCS:0.5 from Part D3
Removed Parameter FCS:0.5 from Part D4
Removed Parameter FV_MAX:1e99 from Part D1
Removed Parameter FV_MAX:1e99 from Part D2
Removed Parameter FV_MAX:1e99 from Part D3
Removed Parameter FV_MAX:1e99 from Part D4
Removed Parameter Height:0.6mm from Part IC2
Removed Parameter Height:0.6mm from Part IC3
Removed Parameter Height:0.6mm from Part IC4
Removed Parameter Height:0.6mm from Part IC6
Removed Parameter Height:0.8mm from Part IC1
Removed Parameter Height:1.1mm from Part IC5
Removed Parameter Height:1.12mm from Part Q1
Removed Parameter Height:1.45mm from Part IC8
Removed Parameter Height:1.75mm from Part IC9
Removed Parameter Height:2.55mm from Part IC7
Removed Parameter Height:3.7mm from Part S1
Removed Parameter Height:4.3mm from Part BT1
Removed Parameter IBV:0.001 from Part D1
Removed Parameter IBV:0.001 from Part D2
Removed Parameter IBV:0.001 from Part D3
Removed Parameter IBV:0.001 from Part D4
Removed Parameter IKF:0 from Part D1
Removed Parameter IKF:0 from Part D2
Removed Parameter IKF:0 from Part D3
Removed Parameter IKF:0 from Part D4
Removed Parameter IKR:0 from Part D1
Removed Parameter IKR:0 from Part D2
Removed Parameter IKR:0 from Part D3
Removed Parameter IKR:0 from Part D4
Removed Parameter Initial Voltage: from Part D1
Removed Parameter Initial Voltage: from Part D2
Removed Parameter Initial Voltage: from Part D3
Removed Parameter Initial Voltage: from Part D4
Removed Parameter IS:1e-14 from Part D1
Removed Parameter IS:1e-14 from Part D2
Removed Parameter IS:1e-14 from Part D3
Removed Parameter IS:1e-14 from Part D4
Removed Parameter ISR:1e-14 from Part D1
Removed Parameter ISR:1e-14 from Part D2
Removed Parameter ISR:1e-14 from Part D3
Removed Parameter ISR:1e-14 from Part D4
Removed Parameter JSW:0 from Part D1
Removed Parameter JSW:0 from Part D2
Removed Parameter JSW:0 from Part D3
Removed Parameter JSW:0 from Part D4
Removed Parameter JTUN:0 from Part D1
Removed Parameter JTUN:0 from Part D2
Removed Parameter JTUN:0 from Part D3
Removed Parameter JTUN:0 from Part D4
Removed Parameter JTUNSW:0 from Part D1
Removed Parameter JTUNSW:0 from Part D2
Removed Parameter JTUNSW:0 from Part D3
Removed Parameter JTUNSW:0 from Part D4
Removed Parameter KEG:1 from Part D1
Removed Parameter KEG:1 from Part D2
Removed Parameter KEG:1 from Part D3
Removed Parameter KEG:1 from Part D4
Removed Parameter KF:0 from Part D1
Removed Parameter KF:0 from Part D2
Removed Parameter KF:0 from Part D3
Removed Parameter KF:0 from Part D4
Removed Parameter L: from Part D1
Removed Parameter L: from Part D2
Removed Parameter L: from Part D3
Removed Parameter L: from Part D4
Removed Parameter LEVEL:1 from Part D1
Removed Parameter LEVEL:1 from Part D2
Removed Parameter LEVEL:1 from Part D3
Removed Parameter LEVEL:1 from Part D4
Removed Parameter LSER: from Part C1
Removed Parameter LSER: from Part C2
Removed Parameter LSER: from Part C3
Removed Parameter LSER: from Part C4
Removed Parameter LSER: from Part C5
Removed Parameter LSER: from Part C6
Removed Parameter LSER: from Part C7
Removed Parameter LSER: from Part C8
Removed Parameter LSER: from Part C9
Removed Parameter LSER: from Part C10
Removed Parameter LSER: from Part C11
Removed Parameter LSER: from Part C12
Removed Parameter LSER: from Part C13
Removed Parameter LSER: from Part C14
Removed Parameter LSER: from Part C15
Removed Parameter LSER: from Part C16
Removed Parameter LSER: from Part C17
Removed Parameter LSER: from Part C18
Removed Parameter LSER: from Part C19
Removed Parameter LSER: from Part C20
Removed Parameter LSER: from Part C21
Removed Parameter LSER: from Part C22
Removed Parameter LSER: from Part C23
Removed Parameter LSER: from Part C24
Removed Parameter LSER: from Part C25
Removed Parameter M: from Part D1
Removed Parameter M: from Part D2
Removed Parameter M: from Part D3
Removed Parameter M: from Part D4
Removed Parameter Manufacturer_Name:Espressif Systems from Part IC7
Removed Parameter Manufacturer_Name:Microchip from Part IC8
Removed Parameter Manufacturer_Name:Same Sky from Part S1
Removed Parameter Manufacturer_Name:STMicroelectronics from Part IC9
Removed Parameter Manufacturer_Name:TE Connectivity from Part BT1
Removed Parameter Manufacturer_Name:Texas Instruments from Part IC1
Removed Parameter Manufacturer_Name:Texas Instruments from Part IC2
Removed Parameter Manufacturer_Name:Texas Instruments from Part IC3
Removed Parameter Manufacturer_Name:Texas Instruments from Part IC4
Removed Parameter Manufacturer_Name:Texas Instruments from Part IC5
Removed Parameter Manufacturer_Name:Texas Instruments from Part IC6
Removed Parameter Manufacturer_Name:Vishay from Part Q1
Removed Parameter Manufacturer_Part_Number:BAT-HLD-001 from Part BT1
Removed Parameter Manufacturer_Part_Number:ESP32-C3-MINI-1-N4 from Part IC7
Removed Parameter Manufacturer_Part_Number:HDC1080DMBR from Part IC1
Removed Parameter Manufacturer_Part_Number:MCP73831T-2ACI/OT from Part IC8
Removed Parameter Manufacturer_Part_Number:SLW-913535-2A-RA-D from Part S1
Removed Parameter Manufacturer_Part_Number:SQ2364EES-T1_GE3 from Part Q1
Removed Parameter Manufacturer_Part_Number:ST25DV04K-IER6S3 from Part IC9
Removed Parameter Manufacturer_Part_Number:TMP112AIDRLR from Part IC2
Removed Parameter Manufacturer_Part_Number:TMP112AIDRLR from Part IC3
Removed Parameter Manufacturer_Part_Number:TMP112AIDRLR from Part IC4
Removed Parameter Manufacturer_Part_Number:TMP112AIDRLR from Part IC6
Removed Parameter Manufacturer_Part_Number:TPS71733DCKR from Part IC5
Removed Parameter MF:{'manufacturer': u'GCT'} from Part J1
Removed Parameter MJSW:0.33 from Part D1
Removed Parameter MJSW:0.33 from Part D2
Removed Parameter MJSW:0.33 from Part D3
Removed Parameter MJSW:0.33 from Part D4
Removed Parameter Mouser Part Number:78-SQ2364EES-T1_GE3 from Part Q1
Removed Parameter Mouser Part Number:179-SLW-913535-2ARAD from Part S1
Removed Parameter Mouser Part Number:356-ESP32-C3-MINI1N4 from Part IC7
Removed Parameter Mouser Part Number:511-ST25DV04K-IER6S3 from Part IC9
Removed Parameter Mouser Part Number:579-MCP73831T-2ACIOT from Part IC8
Removed Parameter Mouser Part Number:595-HDC1080DMBR from Part IC1
Removed Parameter Mouser Part Number:595-TMP112AIDRLR from Part IC2
Removed Parameter Mouser Part Number:595-TMP112AIDRLR from Part IC3
Removed Parameter Mouser Part Number:595-TMP112AIDRLR from Part IC4
Removed Parameter Mouser Part Number:595-TMP112AIDRLR from Part IC6
Removed Parameter Mouser Part Number:595-TPS71733DCKR from Part IC5
Removed Parameter Mouser Part Number:712-BAT-HLD-001 from Part BT1
Removed Parameter Mouser Price/Stock:https://www.mouser.co.uk/ProductDetail/CUI-Devices/SLW-913535-2A-RA-D?qs=1Kr7Jg1SGW9i2Ay3xtiJOw%3D%3D from Part S1
Removed Parameter Mouser Price/Stock:https://www.mouser.co.uk/ProductDetail/Espressif-Systems/ESP32-C3-MINI-1-N4?qs=stqOd1AaK7%252B%2FpH3qqyGehA%3D%3D from Part IC7
Removed Parameter Mouser Price/Stock:https://www.mouser.co.uk/ProductDetail/Microchip-Technology/MCP73831T-2ACI-OT?qs=yUQqVecv4qvbBQBGbHx0Mw%3D%3D from Part IC8
Removed Parameter Mouser Price/Stock:https://www.mouser.co.uk/ProductDetail/STMicroelectronics/ST25DV04K-IER6S3?qs=xjeEZJU9OeNdtP1j9447OQ%3D%3D from Part IC9
Removed Parameter Mouser Price/Stock:https://www.mouser.co.uk/ProductDetail/TE-Connectivity-Linx-Technologies/BAT-HLD-001?qs=K5ta8V%252BWhta7hbVGfm4dqA%3D%3D from Part BT1
Removed Parameter Mouser Price/Stock:https://www.mouser.co.uk/ProductDetail/Texas-Instruments/HDC1080DMBR?qs=8%2FmU9qzJpL9OuhPLRSO9Vg%3D%3D from Part IC1
Removed Parameter Mouser Price/Stock:https://www.mouser.co.uk/ProductDetail/Texas-Instruments/TMP112AIDRLR?qs=62Z1lCHpKYghtK4%2FJn2ysA%3D%3D from Part IC2
Removed Parameter Mouser Price/Stock:https://www.mouser.co.uk/ProductDetail/Texas-Instruments/TMP112AIDRLR?qs=62Z1lCHpKYghtK4%2FJn2ysA%3D%3D from Part IC3
Removed Parameter Mouser Price/Stock:https://www.mouser.co.uk/ProductDetail/Texas-Instruments/TMP112AIDRLR?qs=62Z1lCHpKYghtK4%2FJn2ysA%3D%3D from Part IC4
Removed Parameter Mouser Price/Stock:https://www.mouser.co.uk/ProductDetail/Texas-Instruments/TMP112AIDRLR?qs=62Z1lCHpKYghtK4%2FJn2ysA%3D%3D from Part IC6
Removed Parameter Mouser Price/Stock:https://www.mouser.co.uk/ProductDetail/Texas-Instruments/TPS71733DCKR?qs=QZuYiDxzHaicbGKtUrLzCQ%3D%3D from Part IC5
Removed Parameter Mouser Price/Stock:https://www.mouser.co.uk/ProductDetail/Vishay-Semiconductors/SQ2364EES-T1_GE3?qs=lYGu3FyN48cd%2FdtaQTPJxw%3D%3D from Part Q1
Removed Parameter MP:USB4105-GF-A from Part J1
Removed Parameter N:1 from Part D1
Removed Parameter N:1 from Part D2
Removed Parameter N:1 from Part D3
Removed Parameter N:1 from Part D4
Removed Parameter NBV:1 from Part D1
Removed Parameter NBV:1 from Part D2
Removed Parameter NBV:1 from Part D3
Removed Parameter NBV:1 from Part D4
Removed Parameter NR:1 from Part D1
Removed Parameter NR:1 from Part D2
Removed Parameter NR:1 from Part D3
Removed Parameter NR:1 from Part D4
Removed Parameter NS:1 from Part D1
Removed Parameter NS:1 from Part D2
Removed Parameter NS:1 from Part D3
Removed Parameter NS:1 from Part D4
Removed Parameter NTUN:30 from Part D1
Removed Parameter NTUN:30 from Part D2
Removed Parameter NTUN:30 from Part D3
Removed Parameter NTUN:30 from Part D4
Removed Parameter Package:None from Part J1
Removed Parameter PHP:1 from Part D1
Removed Parameter PHP:1 from Part D2
Removed Parameter PHP:1 from Part D3
Removed Parameter PHP:1 from Part D4
Removed Parameter PJ: from Part D1
Removed Parameter PJ: from Part D2
Removed Parameter PJ: from Part D3
Removed Parameter PJ: from Part D4
Removed Parameter Price:None from Part J1
Removed Parameter RLSHUNT: from Part C1
Removed Parameter RLSHUNT: from Part C2
Removed Parameter RLSHUNT: from Part C3
Removed Parameter RLSHUNT: from Part C4
Removed Parameter RLSHUNT: from Part C5
Removed Parameter RLSHUNT: from Part C6
Removed Parameter RLSHUNT: from Part C7
Removed Parameter RLSHUNT: from Part C8
Removed Parameter RLSHUNT: from Part C9
Removed Parameter RLSHUNT: from Part C10
Removed Parameter RLSHUNT: from Part C11
Removed Parameter RLSHUNT: from Part C12
Removed Parameter RLSHUNT: from Part C13
Removed Parameter RLSHUNT: from Part C14
Removed Parameter RLSHUNT: from Part C15
Removed Parameter RLSHUNT: from Part C16
Removed Parameter RLSHUNT: from Part C17
Removed Parameter RLSHUNT: from Part C18
Removed Parameter RLSHUNT: from Part C19
Removed Parameter RLSHUNT: from Part C20
Removed Parameter RLSHUNT: from Part C21
Removed Parameter RLSHUNT: from Part C22
Removed Parameter RLSHUNT: from Part C23
Removed Parameter RLSHUNT: from Part C24
Removed Parameter RLSHUNT: from Part C25
Removed Parameter RPAR: from Part C1
Removed Parameter RPAR: from Part C2
Removed Parameter RPAR: from Part C3
Removed Parameter RPAR: from Part C4
Removed Parameter RPAR: from Part C5
Removed Parameter RPAR: from Part C6
Removed Parameter RPAR: from Part C7
Removed Parameter RPAR: from Part C8
Removed Parameter RPAR: from Part C9
Removed Parameter RPAR: from Part C10
Removed Parameter RPAR: from Part C11
Removed Parameter RPAR: from Part C12
Removed Parameter RPAR: from Part C13
Removed Parameter RPAR: from Part C14
Removed Parameter RPAR: from Part C15
Removed Parameter RPAR: from Part C16
Removed Parameter RPAR: from Part C17
Removed Parameter RPAR: from Part C18
Removed Parameter RPAR: from Part C19
Removed Parameter RPAR: from Part C20
Removed Parameter RPAR: from Part C21
Removed Parameter RPAR: from Part C22
Removed Parameter RPAR: from Part C23
Removed Parameter RPAR: from Part C24
Removed Parameter RPAR: from Part C25
Removed Parameter RS:0 from Part D1
Removed Parameter RS:0 from Part D2
Removed Parameter RS:0 from Part D3
Removed Parameter RS:0 from Part D4
Removed Parameter RSER: from Part C1
Removed Parameter RSER: from Part C2
Removed Parameter RSER: from Part C3
Removed Parameter RSER: from Part C4
Removed Parameter RSER: from Part C5
Removed Parameter RSER: from Part C6
Removed Parameter RSER: from Part C7
Removed Parameter RSER: from Part C8
Removed Parameter RSER: from Part C9
Removed Parameter RSER: from Part C10
Removed Parameter RSER: from Part C11
Removed Parameter RSER: from Part C12
Removed Parameter RSER: from Part C13
Removed Parameter RSER: from Part C14
Removed Parameter RSER: from Part C15
Removed Parameter RSER: from Part C16
Removed Parameter RSER: from Part C17
Removed Parameter RSER: from Part C18
Removed Parameter RSER: from Part C19
Removed Parameter RSER: from Part C20
Removed Parameter RSER: from Part C21
Removed Parameter RSER: from Part C22
Removed Parameter RSER: from Part C23
Removed Parameter RSER: from Part C24
Removed Parameter RSER: from Part C25
Removed Parameter SENS_AREA: from Part D1
Removed Parameter SENS_AREA: from Part D2
Removed Parameter SENS_AREA: from Part D3
Removed Parameter SENS_AREA: from Part D4
Removed Parameter SimulationGenericComponent:True from Part C1
Removed Parameter SimulationGenericComponent:True from Part C2
Removed Parameter SimulationGenericComponent:True from Part C3
Removed Parameter SimulationGenericComponent:True from Part C4
Removed Parameter SimulationGenericComponent:True from Part C5
Removed Parameter SimulationGenericComponent:True from Part C6
Removed Parameter SimulationGenericComponent:True from Part C7
Removed Parameter SimulationGenericComponent:True from Part C8
Removed Parameter SimulationGenericComponent:True from Part C9
Removed Parameter SimulationGenericComponent:True from Part C10
Removed Parameter SimulationGenericComponent:True from Part C11
Removed Parameter SimulationGenericComponent:True from Part C12
Removed Parameter SimulationGenericComponent:True from Part C13
Removed Parameter SimulationGenericComponent:True from Part C14
Removed Parameter SimulationGenericComponent:True from Part C15
Removed Parameter SimulationGenericComponent:True from Part C16
Removed Parameter SimulationGenericComponent:True from Part C17
Removed Parameter SimulationGenericComponent:True from Part C18
Removed Parameter SimulationGenericComponent:True from Part C19
Removed Parameter SimulationGenericComponent:True from Part C20
Removed Parameter SimulationGenericComponent:True from Part C21
Removed Parameter SimulationGenericComponent:True from Part C22
Removed Parameter SimulationGenericComponent:True from Part C23
Removed Parameter SimulationGenericComponent:True from Part C24
Removed Parameter SimulationGenericComponent:True from Part C25
Removed Parameter SimulationGenericComponent:True from Part D1
Removed Parameter SimulationGenericComponent:True from Part D2
Removed Parameter SimulationGenericComponent:True from Part D3
Removed Parameter SimulationGenericComponent:True from Part D4
Removed Parameter SimulationGenericComponent:True from Part R1
Removed Parameter SimulationGenericComponent:True from Part R2
Removed Parameter SimulationGenericComponent:True from Part R3
Removed Parameter SimulationGenericComponent:True from Part R4
Removed Parameter SimulationGenericComponent:True from Part R5
Removed Parameter SimulationGenericComponent:True from Part R6
Removed Parameter SimulationGenericComponent:True from Part R7
Removed Parameter SimulationGenericComponent:True from Part R8
Removed Parameter SimulationGenericComponent:True from Part R9
Removed Parameter SimulationGenericComponent:True from Part R10
Removed Parameter SimulationGenericComponent:True from Part R11
Removed Parameter SimulationGenericComponent:True from Part R12
Removed Parameter SimulationGenericComponent:True from Part R13
Removed Parameter SimulationGenericComponent:True from Part R14
Removed Parameter SimulationGenericComponent:True from Part R15
Removed Parameter SimulationGenericComponent:True from Part R16
Removed Parameter SimulationGenericComponent:True from Part R17
Removed Parameter SimulationGenericComponent:True from Part R18
Removed Parameter SimulationGenericComponent:True from Part R19
Removed Parameter Starting Condition: from Part D1
Removed Parameter Starting Condition: from Part D2
Removed Parameter Starting Condition: from Part D3
Removed Parameter Starting Condition: from Part D4
Removed Parameter T_REL_LOCAL: from Part D1
Removed Parameter T_REL_LOCAL: from Part D2
Removed Parameter T_REL_LOCAL: from Part D3
Removed Parameter T_REL_LOCAL: from Part D4
Removed Parameter T_REL_LOCAL: from Part R1
Removed Parameter T_REL_LOCAL: from Part R2
Removed Parameter T_REL_LOCAL: from Part R3
Removed Parameter T_REL_LOCAL: from Part R4
Removed Parameter T_REL_LOCAL: from Part R5
Removed Parameter T_REL_LOCAL: from Part R6
Removed Parameter T_REL_LOCAL: from Part R7
Removed Parameter T_REL_LOCAL: from Part R8
Removed Parameter T_REL_LOCAL: from Part R9
Removed Parameter T_REL_LOCAL: from Part R10
Removed Parameter T_REL_LOCAL: from Part R11
Removed Parameter T_REL_LOCAL: from Part R12
Removed Parameter T_REL_LOCAL: from Part R13
Removed Parameter T_REL_LOCAL: from Part R14
Removed Parameter T_REL_LOCAL: from Part R15
Removed Parameter T_REL_LOCAL: from Part R16
Removed Parameter T_REL_LOCAL: from Part R17
Removed Parameter T_REL_LOCAL: from Part R18
Removed Parameter T_REL_LOCAL: from Part R19
Removed Parameter TC1:0 from Part R1
Removed Parameter TC1:0 from Part R2
Removed Parameter TC1:0 from Part R3
Removed Parameter TC1:0 from Part R4
Removed Parameter TC1:0 from Part R5
Removed Parameter TC1:0 from Part R6
Removed Parameter TC1:0 from Part R7
Removed Parameter TC1:0 from Part R8
Removed Parameter TC1:0 from Part R9
Removed Parameter TC1:0 from Part R10
Removed Parameter TC1:0 from Part R11
Removed Parameter TC1:0 from Part R12
Removed Parameter TC1:0 from Part R13
Removed Parameter TC1:0 from Part R14
Removed Parameter TC1:0 from Part R15
Removed Parameter TC1:0 from Part R16
Removed Parameter TC1:0 from Part R17
Removed Parameter TC1:0 from Part R18
Removed Parameter TC1:0 from Part R19
Removed Parameter TC2:0 from Part R1
Removed Parameter TC2:0 from Part R2
Removed Parameter TC2:0 from Part R3
Removed Parameter TC2:0 from Part R4
Removed Parameter TC2:0 from Part R5
Removed Parameter TC2:0 from Part R6
Removed Parameter TC2:0 from Part R7
Removed Parameter TC2:0 from Part R8
Removed Parameter TC2:0 from Part R9
Removed Parameter TC2:0 from Part R10
Removed Parameter TC2:0 from Part R11
Removed Parameter TC2:0 from Part R12
Removed Parameter TC2:0 from Part R13
Removed Parameter TC2:0 from Part R14
Removed Parameter TC2:0 from Part R15
Removed Parameter TC2:0 from Part R16
Removed Parameter TC2:0 from Part R17
Removed Parameter TC2:0 from Part R18
Removed Parameter TC2:0 from Part R19
Removed Parameter TC: from Part R1
Removed Parameter TC: from Part R2
Removed Parameter TC: from Part R3
Removed Parameter TC: from Part R4
Removed Parameter TC: from Part R5
Removed Parameter TC: from Part R6
Removed Parameter TC: from Part R7
Removed Parameter TC: from Part R8
Removed Parameter TC: from Part R9
Removed Parameter TC: from Part R10
Removed Parameter TC: from Part R11
Removed Parameter TC: from Part R12
Removed Parameter TC: from Part R13
Removed Parameter TC: from Part R14
Removed Parameter TC: from Part R15
Removed Parameter TC: from Part R16
Removed Parameter TC: from Part R17
Removed Parameter TC: from Part R18
Removed Parameter TC: from Part R19
Removed Parameter TCV:0 from Part D1
Removed Parameter TCV:0 from Part D2
Removed Parameter TCV:0 from Part D3
Removed Parameter TCV:0 from Part D4
Removed Parameter TEMP: from Part C1
Removed Parameter TEMP: from Part C2
Removed Parameter TEMP: from Part C3
Removed Parameter TEMP: from Part C4
Removed Parameter TEMP: from Part C5
Removed Parameter TEMP: from Part C6
Removed Parameter TEMP: from Part C7
Removed Parameter TEMP: from Part C8
Removed Parameter TEMP: from Part C9
Removed Parameter TEMP: from Part C10
Removed Parameter TEMP: from Part C11
Removed Parameter TEMP: from Part C12
Removed Parameter TEMP: from Part C13
Removed Parameter TEMP: from Part C14
Removed Parameter TEMP: from Part C15
Removed Parameter TEMP: from Part C16
Removed Parameter TEMP: from Part C17
Removed Parameter TEMP: from Part C18
Removed Parameter TEMP: from Part C19
Removed Parameter TEMP: from Part C20
Removed Parameter TEMP: from Part C21
Removed Parameter TEMP: from Part C22
Removed Parameter TEMP: from Part C23
Removed Parameter TEMP: from Part C24
Removed Parameter TEMP: from Part C25
Removed Parameter TEMP: from Part R1
Removed Parameter TEMP: from Part R2
Removed Parameter TEMP: from Part R3
Removed Parameter TEMP: from Part R4
Removed Parameter TEMP: from Part R5
Removed Parameter TEMP: from Part R6
Removed Parameter TEMP: from Part R7
Removed Parameter TEMP: from Part R8
Removed Parameter TEMP: from Part R9
Removed Parameter TEMP: from Part R10
Removed Parameter TEMP: from Part R11
Removed Parameter TEMP: from Part R12
Removed Parameter TEMP: from Part R13
Removed Parameter TEMP: from Part R14
Removed Parameter TEMP: from Part R15
Removed Parameter TEMP: from Part R16
Removed Parameter TEMP: from Part R17
Removed Parameter TEMP: from Part R18
Removed Parameter TEMP: from Part R19
Removed Parameter Temperature: from Part D1
Removed Parameter Temperature: from Part D2
Removed Parameter Temperature: from Part D3
Removed Parameter Temperature: from Part D4
Removed Parameter TLEV:0 from Part D1
Removed Parameter TLEV:0 from Part D2
Removed Parameter TLEV:0 from Part D3
Removed Parameter TLEV:0 from Part D4
Removed Parameter TLEVC:0 from Part D1
Removed Parameter TLEVC:0 from Part D2
Removed Parameter TLEVC:0 from Part D3
Removed Parameter TLEVC:0 from Part D4
Removed Parameter TM1:0 from Part D1
Removed Parameter TM1:0 from Part D2
Removed Parameter TM1:0 from Part D3
Removed Parameter TM1:0 from Part D4
Removed Parameter TM2:0 from Part D1
Removed Parameter TM2:0 from Part D2
Removed Parameter TM2:0 from Part D3
Removed Parameter TM2:0 from Part D4
Removed Parameter TNOM:27 from Part D1
Removed Parameter TNOM:27 from Part D2
Removed Parameter TNOM:27 from Part D3
Removed Parameter TNOM:27 from Part D4
Removed Parameter TPB:0 from Part D1
Removed Parameter TPB:0 from Part D2
Removed Parameter TPB:0 from Part D3
Removed Parameter TPB:0 from Part D4
Removed Parameter TPHP:0 from Part D1
Removed Parameter TPHP:0 from Part D2
Removed Parameter TPHP:0 from Part D3
Removed Parameter TPHP:0 from Part D4
Removed Parameter TRS2:0 from Part D1
Removed Parameter TRS2:0 from Part D2
Removed Parameter TRS2:0 from Part D3
Removed Parameter TRS2:0 from Part D4
Removed Parameter TRS:0 from Part D1
Removed Parameter TRS:0 from Part D2
Removed Parameter TRS:0 from Part D3
Removed Parameter TRS:0 from Part D4
Removed Parameter TT:0 from Part D1
Removed Parameter TT:0 from Part D2
Removed Parameter TT:0 from Part D3
Removed Parameter TT:0 from Part D4
Removed Parameter TTT1:0 from Part D1
Removed Parameter TTT1:0 from Part D2
Removed Parameter TTT1:0 from Part D3
Removed Parameter TTT1:0 from Part D4
Removed Parameter TTT2:0 from Part D1
Removed Parameter TTT2:0 from Part D2
Removed Parameter TTT2:0 from Part D3
Removed Parameter TTT2:0 from Part D4
Removed Parameter VJ:1 from Part D1
Removed Parameter VJ:1 from Part D2
Removed Parameter VJ:1 from Part D3
Removed Parameter VJ:1 from Part D4
Removed Parameter W: from Part D1
Removed Parameter W: from Part D2
Removed Parameter W: from Part D3
Removed Parameter W: from Part D4
Removed Parameter XTI:3 from Part D1
Removed Parameter XTI:3 from Part D2
Removed Parameter XTI:3 from Part D3
Removed Parameter XTI:3 from Part D4
Removed Parameter XTITUN:3 from Part D1
Removed Parameter XTITUN:3 from Part D2
Removed Parameter XTITUN:3 from Part D3
Removed Parameter XTITUN:3 from Part D4
Added Parameter MPN= to Part A1
Added Parameter MPN= to Part BT1
Added Parameter MPN= to Part C1
Added Parameter MPN= to Part C2
Added Parameter MPN= to Part C3
Added Parameter MPN= to Part C4
Added Parameter MPN= to Part C5
Added Parameter MPN= to Part C6
Added Parameter MPN= to Part C7
Added Parameter MPN= to Part C8
Added Parameter MPN= to Part C9
Added Parameter MPN= to Part C10
Added Parameter MPN= to Part C11
Added Parameter MPN= to Part C12
Added Parameter MPN= to Part C13
Added Parameter MPN= to Part C14
Added Parameter MPN= to Part C15
Added Parameter MPN= to Part C16
Added Parameter MPN= to Part C17
Added Parameter MPN= to Part C18
Added Parameter MPN= to Part C19
Added Parameter MPN= to Part C20
Added Parameter MPN= to Part C21
Added Parameter MPN= to Part C22
Added Parameter MPN= to Part C23
Added Parameter MPN= to Part C24
Added Parameter MPN= to Part C25
Added Parameter MPN= to Part D1
Added Parameter MPN= to Part D2
Added Parameter MPN= to Part D3
Added Parameter MPN= to Part D4
Added Parameter MPN= to Part IC1
Added Parameter MPN= to Part IC2
Added Parameter MPN= to Part IC3
Added Parameter MPN= to Part IC4
Added Parameter MPN= to Part IC5
Added Parameter MPN= to Part IC6
Added Parameter MPN= to Part IC7
Added Parameter MPN= to Part IC8
Added Parameter MPN= to Part IC9
Added Parameter MPN= to Part J1
Added Parameter MPN= to Part Q1
Added Parameter MPN= to Part R1
Added Parameter MPN= to Part R2
Added Parameter MPN= to Part R3
Added Parameter MPN= to Part R4
Added Parameter MPN= to Part R5
Added Parameter MPN= to Part R6
Added Parameter MPN= to Part R7
Added Parameter MPN= to Part R8
Added Parameter MPN= to Part R9
Added Parameter MPN= to Part R10
Added Parameter MPN= to Part R11
Added Parameter MPN= to Part R12
Added Parameter MPN= to Part R13
Added Parameter MPN= to Part R14
Added Parameter MPN= to Part R15
Added Parameter MPN= to Part R16
Added Parameter MPN= to Part R17
Added Parameter MPN= to Part R18
Added Parameter MPN= to Part R19
Added Parameter MPN= to Part S1
Added Parameter PCBA=Assembly to Part A1
Added Parameter PCBA=Assembly to Part BT1
Added Parameter PCBA=Assembly to Part C1
Added Parameter PCBA=Assembly to Part C2
Added Parameter PCBA=Assembly to Part C3
Added Parameter PCBA=Assembly to Part C4
Added Parameter PCBA=Assembly to Part C5
Added Parameter PCBA=Assembly to Part C6
Added Parameter PCBA=Assembly to Part C7
Added Parameter PCBA=Assembly to Part C8
Added Parameter PCBA=Assembly to Part C9
Added Parameter PCBA=Assembly to Part C10
Added Parameter PCBA=Assembly to Part C11
Added Parameter PCBA=Assembly to Part C12
Added Parameter PCBA=Assembly to Part C13
Added Parameter PCBA=Assembly to Part C14
Added Parameter PCBA=Assembly to Part C15
Added Parameter PCBA=Assembly to Part C16
Added Parameter PCBA=Assembly to Part C17
Added Parameter PCBA=Assembly to Part C18
Added Parameter PCBA=Assembly to Part C19
Added Parameter PCBA=Assembly to Part C20
Added Parameter PCBA=Assembly to Part C21
Added Parameter PCBA=Assembly to Part C22
Added Parameter PCBA=Assembly to Part C23
Added Parameter PCBA=Assembly to Part C24
Added Parameter PCBA=Assembly to Part C25
Added Parameter PCBA=Assembly to Part D1
Added Parameter PCBA=Assembly to Part D2
Added Parameter PCBA=Assembly to Part D3
Added Parameter PCBA=Assembly to Part D4
Added Parameter PCBA=Assembly to Part IC1
Added Parameter PCBA=Assembly to Part IC2
Added Parameter PCBA=Assembly to Part IC3
Added Parameter PCBA=Assembly to Part IC4
Added Parameter PCBA=Assembly to Part IC5
Added Parameter PCBA=Assembly to Part IC6
Added Parameter PCBA=Assembly to Part IC7
Added Parameter PCBA=Assembly to Part IC8
Added Parameter PCBA=Assembly to Part IC9
Added Parameter PCBA=Assembly to Part J1
Added Parameter PCBA=Assembly to Part Q1
Added Parameter PCBA=Assembly to Part R1
Added Parameter PCBA=Assembly to Part R2
Added Parameter PCBA=Assembly to Part R3
Added Parameter PCBA=Assembly to Part R4
Added Parameter PCBA=Assembly to Part R5
Added Parameter PCBA=Assembly to Part R6
Added Parameter PCBA=Assembly to Part R7
Added Parameter PCBA=Assembly to Part R8
Added Parameter PCBA=Assembly to Part R9
Added Parameter PCBA=Assembly to Part R10
Added Parameter PCBA=Assembly to Part R11
Added Parameter PCBA=Assembly to Part R12
Added Parameter PCBA=Assembly to Part R13
Added Parameter PCBA=Assembly to Part R14
Added Parameter PCBA=Assembly to Part R15
Added Parameter PCBA=Assembly to Part R16
Added Parameter PCBA=Assembly to Part R17
Added Parameter PCBA=Assembly to Part R18
Added Parameter PCBA=Assembly to Part R19
Added Parameter PCBA=Assembly to Part S1
Added Parameter Supplier= to Part A1
Added Parameter Supplier= to Part BT1
Added Parameter Supplier= to Part C1
Added Parameter Supplier= to Part C2
Added Parameter Supplier= to Part C3
Added Parameter Supplier= to Part C4
Added Parameter Supplier= to Part C5
Added Parameter Supplier= to Part C6
Added Parameter Supplier= to Part C7
Added Parameter Supplier= to Part C8
Added Parameter Supplier= to Part C9
Added Parameter Supplier= to Part C10
Added Parameter Supplier= to Part C11
Added Parameter Supplier= to Part C12
Added Parameter Supplier= to Part C13
Added Parameter Supplier= to Part C14
Added Parameter Supplier= to Part C15
Added Parameter Supplier= to Part C16
Added Parameter Supplier= to Part C17
Added Parameter Supplier= to Part C18
Added Parameter Supplier= to Part C19
Added Parameter Supplier= to Part C20
Added Parameter Supplier= to Part C21
Added Parameter Supplier= to Part C22
Added Parameter Supplier= to Part C23
Added Parameter Supplier= to Part C24
Added Parameter Supplier= to Part C25
Added Parameter Supplier= to Part D1
Added Parameter Supplier= to Part D2
Added Parameter Supplier= to Part D3
Added Parameter Supplier= to Part D4
Added Parameter Supplier= to Part IC1
Added Parameter Supplier= to Part IC2
Added Parameter Supplier= to Part IC3
Added Parameter Supplier= to Part IC4
Added Parameter Supplier= to Part IC5
Added Parameter Supplier= to Part IC6
Added Parameter Supplier= to Part IC7
Added Parameter Supplier= to Part IC8
Added Parameter Supplier= to Part IC9
Added Parameter Supplier= to Part J1
Added Parameter Supplier= to Part Q1
Added Parameter Supplier= to Part R1
Added Parameter Supplier= to Part R2
Added Parameter Supplier= to Part R3
Added Parameter Supplier= to Part R4
Added Parameter Supplier= to Part R5
Added Parameter Supplier= to Part R6
Added Parameter Supplier= to Part R7
Added Parameter Supplier= to Part R8
Added Parameter Supplier= to Part R9
Added Parameter Supplier= to Part R10
Added Parameter Supplier= to Part R11
Added Parameter Supplier= to Part R12
Added Parameter Supplier= to Part R13
Added Parameter Supplier= to Part R14
Added Parameter Supplier= to Part R15
Added Parameter Supplier= to Part R16
Added Parameter Supplier= to Part R17
Added Parameter Supplier= to Part R18
Added Parameter Supplier= to Part R19
Added Parameter Supplier= to Part S1
Added Parameter Value= to Part A1
Added Parameter Value= to Part BT1
Added Parameter Value= to Part D1
Added Parameter Value= to Part D2
Added Parameter Value= to Part D3
Added Parameter Value= to Part D4
Added Parameter Value= to Part IC1
Added Parameter Value= to Part IC2
Added Parameter Value= to Part IC3
Added Parameter Value= to Part IC4
Added Parameter Value= to Part IC5
Added Parameter Value= to Part IC6
Added Parameter Value= to Part IC7
Added Parameter Value= to Part IC8
Added Parameter Value= to Part IC9
Added Parameter Value= to Part Q1
Added Parameter Value= to Part S1
